Using pre-set license
Built from 'trunk' branch; Version is '6000.0.20f1 (05208a74e9aa) revision 336010'; Using compiler version '193933523'; Build Type 'Release'
OS: 'Windows 11  (10.0.26100) 64bit Core' Language: 'en' Physical Memory: 32469 MB
BatchMode: 1, IsHumanControllingUs: 0, StartBugReporterOnCrash: 0, Is64bit: 1, IsPro: 1

COMMAND LINE ARGUMENTS:
C:\Program Files\Unity\Hub\Editor\6000.0.20f1\Editor\Unity.exe
-adb2
-batchMode
-noUpm
-name
AssetImportWorker4
-projectPath
C:/Dima/Projects/search-room-test/vr-search
-logFile
Logs/AssetImportWorker4.log
-srvPort
52749
-job-worker-count
15
-background-job-worker-count
8
-asset-garbage-collectors
1
Successfully changed project path to: C:/Dima/Projects/search-room-test/vr-search
C:/Dima/Projects/search-room-test/vr-search
[UnityMemory] Configuration Parameters - Can be set up in boot.config
    "memorysetup-bucket-allocator-granularity=16"
    "memorysetup-bucket-allocator-bucket-count=8"
    "memorysetup-bucket-allocator-block-size=33554432"
    "memorysetup-bucket-allocator-block-count=8"
    "memorysetup-main-allocator-block-size=16777216"
    "memorysetup-thread-allocator-block-size=16777216"
    "memorysetup-gfx-main-allocator-block-size=16777216"
    "memorysetup-gfx-thread-allocator-block-size=16777216"
    "memorysetup-cache-allocator-block-size=4194304"
    "memorysetup-typetree-allocator-block-size=2097152"
    "memorysetup-profiler-bucket-allocator-granularity=16"
    "memorysetup-profiler-bucket-allocator-bucket-count=8"
    "memorysetup-profiler-bucket-allocator-block-size=33554432"
    "memorysetup-profiler-bucket-allocator-block-count=8"
    "memorysetup-profiler-allocator-block-size=16777216"
    "memorysetup-profiler-editor-allocator-block-size=1048576"
    "memorysetup-temp-allocator-size-main=16777216"
    "memorysetup-job-temp-allocator-block-size=2097152"
    "memorysetup-job-temp-allocator-block-size-background=1048576"
    "memorysetup-job-temp-allocator-reduction-small-platforms=262144"
    "memorysetup-allocator-temp-initial-block-size-main=262144"
    "memorysetup-allocator-temp-initial-block-size-worker=262144"
    "memorysetup-temp-allocator-size-background-worker=32768"
    "memorysetup-temp-allocator-size-job-worker=262144"
    "memorysetup-temp-allocator-size-preload-manager=33554432"
    "memorysetup-temp-allocator-size-nav-mesh-worker=65536"
    "memorysetup-temp-allocator-size-audio-worker=65536"
    "memorysetup-temp-allocator-size-cloud-worker=32768"
    "memorysetup-temp-allocator-size-gi-baking-worker=262144"
    "memorysetup-temp-allocator-size-gi-baking-worker=262144"
    "memorysetup-temp-allocator-size-gi-baking-worker=262144"
    "memorysetup-temp-allocator-size-gi-baking-worker=262144"
    "memorysetup-temp-allocator-size-gi-baking-worker=262144"
    "memorysetup-temp-allocator-size-gfx=262144"
Player connection [42568]  Target information:

Player connection [42568]  * "[IP] 169.254.19.238 [Port] 0 [Flags] 2 [Guid] 976920949 [EditorId] 976920949 [Version] 1048832 [Id] WindowsEditor(7,MSI) [Debug] 1 [PackageName] WindowsEditor [ProjectName] Editor" 

Player connection [42568]  * "[IP] 10.2.0.2 [Port] 0 [Flags] 2 [Guid] 976920949 [EditorId] 976920949 [Version] 1048832 [Id] WindowsEditor(7,MSI) [Debug] 1 [PackageName] WindowsEditor [ProjectName] Editor" 

Player connection [42568]  * "[IP] 192.168.1.84 [Port] 0 [Flags] 2 [Guid] 976920949 [EditorId] 976920949 [Version] 1048832 [Id] WindowsEditor(7,MSI) [Debug] 1 [PackageName] WindowsEditor [ProjectName] Editor" 

Player connection [42568] Host joined multi-casting on [225.0.0.222:54997]...
Player connection [42568] Host joined alternative multi-casting on [225.0.0.222:34997]...
JobSystem: Creating JobQueue using job-worker-count value 15
[Physics::Module] Initialized fallback backend.
[Physics::Module] Id: 0xdecafbad
Library Redirect Path: Library/
[Physics::Module] Selected backend.
[Physics::Module] Name: PhysX
[Physics::Module] Id: 0xf2b8ea05
[Physics::Module] SDK Version: 4.1.2
[Physics::Module] Integration Version: 1.0.0
[Physics::Module] Threading Mode: Multi-Threaded
Refreshing native plugins compatible for Editor in 892.61 ms, found 13 plugins.
Preloading 1 native plugins for Editor in 2.03 ms.
Initialize engine version: 6000.0.20f1 (05208a74e9aa)
[Subsystems] Discovering subsystems at path C:/Program Files/Unity/Hub/Editor/6000.0.20f1/Editor/Data/Resources/UnitySubsystems
[Subsystems] Discovering subsystems at path C:/Dima/Projects/search-room-test/vr-search/Assets
GfxDevice: creating device client; kGfxThreadingModeNonThreaded
Direct3D:
    Version:  Direct3D 11.0 [level 11.1]
    Renderer: NVIDIA GeForce RTX 4080 Laptop GPU (ID=0x27a0)
    Vendor:   NVIDIA
    VRAM:     11997 MB
    Driver:   31.0.15.5188
Initialize mono
Mono path[0] = 'C:/Program Files/Unity/Hub/Editor/6000.0.20f1/Editor/Data/Managed'
Mono path[1] = 'C:/Program Files/Unity/Hub/Editor/6000.0.20f1/Editor/Data/MonoBleedingEdge/lib/mono/unityjit-win32'
Mono config path = 'C:/Program Files/Unity/Hub/Editor/6000.0.20f1/Editor/Data/MonoBleedingEdge/etc'
Using monoOptions --debugger-agent=transport=dt_socket,embedding=1,server=y,suspend=n,address=127.0.0.1:56692
Begin MonoManager ReloadAssembly
Registering precompiled unity dll's ...
Register platform support module: C:/Program Files/Unity/Hub/Editor/6000.0.20f1/Editor/Data/PlaybackEngines/WindowsStandaloneSupport/UnityEditor.WindowsStandalone.Extensions.dll
Register platform support module: C:/Program Files/Unity/Hub/Editor/6000.0.20f1/Editor/Data/PlaybackEngines/AndroidPlayer/UnityEditor.Android.Extensions.dll
Registered in 0.002940 seconds.
- Loaded All Assemblies, in  0.505 seconds
Native extension for Android target not found
Android Extension - Scanning For ADB Devices 402 ms
Native extension for WindowsStandalone target not found
NullReferenceException: Object reference not set to an instance of an object
  at System.Collections.Generic.Dictionary`2[TKey,TValue].TryInsert (TKey key, TValue value, System.Collections.Generic.InsertionBehavior behavior) [0x00111] in <321eb2db7c6d43ea8fc39b54eaca3452>:0 
  at System.Collections.Generic.Dictionary`2[TKey,TValue].Add (TKey key, TValue value) [0x00000] in <321eb2db7c6d43ea8fc39b54eaca3452>:0 
  at UnityEngine.UIElements.VisualElement.GetOrCreateTypeData (System.Type t) [0x0001d] in <6be18e978d1c45a3acda7e8cad7c05bd>:0 
  at UnityEngine.UIElements.VisualElementFactoryRegistry.GetMovedUIControlTypeName (System.Type type, UnityEngine.Scripting.APIUpdating.MovedFromAttribute attr) [0x00042] in <6be18e978d1c45a3acda7e8cad7c05bd>:0 
  at UnityEditor.UIElements.UxmlSerializedDataRegistry.RegisterType (System.String typeName, System.Type serializedDataType) [0x00156] in <f5defa0782154fbea7fbf4c32aeca608>:0 
  at UnityEditor.UIElements.UxmlSerializedDataRegistry.Register () [0x00134] in <f5defa0782154fbea7fbf4c32aeca608>:0 
  at UnityEditor.UIElements.UxmlSerializedDataRegistry+InitializeUxmlRegistryDescriptions.Execute () [0x00001] in <f5defa0782154fbea7fbf4c32aeca608>:0 
  at Unity.Jobs.IJobExtensions+JobStruct`1[T].Execute (T& data, System.IntPtr additionalPtr, System.IntPtr bufferRangePatchData, Unity.Jobs.LowLevel.Unsafe.JobRanges& ranges, System.Int32 jobIndex) [0x00001] in <adbae017f0374fce9921b97a33a4e8ca>:0 
  at (wrapper delegate-invoke) Unity.Jobs.IJobExtensions+JobStruct`1+ExecuteJobFunction[UnityEditor.UIElements.UxmlSerializedDataRegistry+InitializeUxmlRegistryDescriptions].invoke_void_T&_intptr_intptr_JobRanges&_int(UnityEditor.UIElements.UxmlSerializedDataRegistry/InitializeUxmlRegistryDescriptions&,intptr,intptr,Unity.Jobs.LowLevel.Unsafe.JobRanges&,int)

Mono: successfully reloaded assembly
- Finished resetting the current domain, in  0.734 seconds
Domain Reload Profiling: 1237ms
	BeginReloadAssembly (141ms)
		ExecutionOrderSort (0ms)
		DisableScriptedObjects (0ms)
		BackupInstance (0ms)
		ReleaseScriptingObjects (0ms)
		CreateAndSetChildDomain (1ms)
	RebuildCommonClasses (32ms)
	RebuildNativeTypeToScriptingClass (9ms)
	initialDomainReloadingComplete (36ms)
	LoadAllAssembliesAndSetupDomain (285ms)
		LoadAssemblies (138ms)
		RebuildTransferFunctionScriptingTraits (0ms)
		AnalyzeDomain (282ms)
			TypeCache.Refresh (281ms)
				TypeCache.ScanAssembly (271ms)
			BuildScriptInfoCaches (0ms)
			ResolveRequiredComponents (0ms)
	FinalizeReload (734ms)
		ReleaseScriptCaches (0ms)
		RebuildScriptCaches (0ms)
		SetupLoadedEditorAssemblies (698ms)
			LogAssemblyErrors (0ms)
			InitializePlatformSupportModulesInManaged (476ms)
			SetLoadedEditorAssemblies (3ms)
			BeforeProcessingInitializeOnLoad (5ms)
			ProcessInitializeOnLoadAttributes (150ms)
			ProcessInitializeOnLoadMethodAttributes (60ms)
			AfterProcessingInitializeOnLoad (4ms)
			EditorAssembliesLoaded (0ms)
		ExecutionOrderSort2 (0ms)
		AwakeInstancesAfterBackupRestoration (0ms)
========================================================================
Worker process is ready to serve import requests
Import Worker Mode flag is 0x00
Begin MonoManager ReloadAssembly
- Loaded All Assemblies, in  1.505 seconds
'Packages/com.unity.xr.openxr/Runtime/OpenXRLoader.cs' contains partial class of Unity.Object, exactly 1 of the partial classes needs to be in a file with the same filename. This is to know the one that can be referenced from ie. GameObjects
'Packages/com.unity.xr.openxr/Runtime/OpenXRLoaderInternal.cs' contains partial class of Unity.Object, exactly 1 of the partial classes needs to be in a file with the same filename. This is to know the one that can be referenced from ie. GameObjects
Refreshing native plugins compatible for Editor in 7.92 ms, found 13 plugins.
Native extension for Android target not found
Native extension for WindowsStandalone target not found
Package Manager log level set to [2]
[Package Manager] Failed to launch server process. Reason: Unity was launched with the -noUpm command-line argument
[Package Manager] Unable to send message (not connected to server process).
[Package Manager] Cannot connect to Unity Package Manager local server
System.Reflection.TargetInvocationException: Exception has been thrown by the target of an invocation. ---> System.NullReferenceException: Object reference not set to an instance of an object
  at Unity.XR.Oculus.OculusLoader.AssetPathToAbsolutePath (System.String assetPath) [0x00041] in .\Library\PackageCache\com.unity.xr.oculus\Runtime\OculusLoader.cs:298 
  at Unity.XR.Oculus.OculusLoader.EditorLoadOVRPlugin () [0x000dd] in .\Library\PackageCache\com.unity.xr.oculus\Runtime\OculusLoader.cs:283 
  at (wrapper managed-to-native) System.Reflection.RuntimeMethodInfo.InternalInvoke(System.Reflection.RuntimeMethodInfo,object,object[],System.Exception&)
  at System.Reflection.RuntimeMethodInfo.Invoke (System.Object obj, System.Reflection.BindingFlags invokeAttr, System.Reflection.Binder binder, System.Object[] parameters, System.Globalization.CultureInfo culture) [0x0006a] in <321eb2db7c6d43ea8fc39b54eaca3452>:0 
   --- End of inner exception stack trace ---
  at System.Reflection.RuntimeMethodInfo.Invoke (System.Object obj, System.Reflection.BindingFlags invokeAttr, System.Reflection.Binder binder, System.Object[] parameters, System.Globalization.CultureInfo culture) [0x00083] in <321eb2db7c6d43ea8fc39b54eaca3452>:0 
  at System.Reflection.MethodBase.Invoke (System.Object obj, System.Object[] parameters) [0x00000] in <321eb2db7c6d43ea8fc39b54eaca3452>:0 
  at UnityEditor.EditorAssemblies.ProcessInitializeOnLoadMethodAttributes () [0x00056] in <72fbd834e62348cf8a5f322f2740f684>:0 
UnityEngine.Debug:ExtractStackTraceNoAlloc (byte*,int,string)
UnityEngine.StackTraceUtility:ExtractStackTrace ()
UnityEngine.DebugLogHandler:Internal_Log (UnityEngine.LogType,UnityEngine.LogOption,string,UnityEngine.Object)
UnityEngine.DebugLogHandler:LogFormat (UnityEngine.LogType,UnityEngine.Object,string,object[])
UnityEngine.Logger:Log (UnityEngine.LogType,object)
UnityEngine.Debug:LogError (object)
UnityEditor.EditorAssemblies:ProcessInitializeOnLoadMethodAttributes ()

Mono: successfully reloaded assembly
[Package Manager] Failed to launch server process. Reason: Unity was launched with the -noUpm command-line argument
[Package Manager] Unable to send message (not connected to server process).
[Package Manager] Cannot connect to Unity Package Manager local server
[Package Manager] Failed to launch server process. Reason: Unity was launched with the -noUpm command-line argument
[Package Manager] Unable to send message (not connected to server process).
[Package Manager] Cannot connect to Unity Package Manager local server
- Finished resetting the current domain, in  0.942 seconds
Domain Reload Profiling: 2441ms
	BeginReloadAssembly (648ms)
		ExecutionOrderSort (0ms)
		DisableScriptedObjects (4ms)
		BackupInstance (0ms)
		ReleaseScriptingObjects (0ms)
		CreateAndSetChildDomain (24ms)
	RebuildCommonClasses (26ms)
	RebuildNativeTypeToScriptingClass (8ms)
	initialDomainReloadingComplete (59ms)
	LoadAllAssembliesAndSetupDomain (758ms)
		LoadAssemblies (498ms)
		RebuildTransferFunctionScriptingTraits (0ms)
		AnalyzeDomain (348ms)
			TypeCache.Refresh (247ms)
				TypeCache.ScanAssembly (183ms)
			BuildScriptInfoCaches (83ms)
			ResolveRequiredComponents (13ms)
	FinalizeReload (942ms)
		ReleaseScriptCaches (0ms)
		RebuildScriptCaches (0ms)
		SetupLoadedEditorAssemblies (774ms)
			LogAssemblyErrors (0ms)
			InitializePlatformSupportModulesInManaged (10ms)
			SetLoadedEditorAssemblies (6ms)
			BeforeProcessingInitializeOnLoad (180ms)
			ProcessInitializeOnLoadAttributes (468ms)
			ProcessInitializeOnLoadMethodAttributes (102ms)
			AfterProcessingInitializeOnLoad (8ms)
			EditorAssembliesLoaded (0ms)
		ExecutionOrderSort2 (0ms)
		AwakeInstancesAfterBackupRestoration (7ms)
Launched and connected shader compiler UnityShaderCompiler.exe after 0.01 seconds
Refreshing native plugins compatible for Editor in 17.88 ms, found 13 plugins.
Preloading 1 native plugins for Editor in 0.12 ms.
Unloading 172 Unused Serialized files (Serialized files now loaded: 0)
Unloading 7498 unused Assets / (5.1 MB). Loaded Objects now: 8198.
Memory consumption went from 216.9 MB to 211.8 MB.
Total: 15.375400 ms (FindLiveObjects: 0.661000 ms CreateObjectMapping: 0.889000 ms MarkObjects: 8.257100 ms  DeleteObjects: 5.565100 ms)

========================================================================
Received Import Request.
  Time since last request: 1723299.614869 seconds.
  path: Packages/com.bluetea.ui/Runtime/UI/Resources/Images/Components/Chapter/chapter.jpg
  artifactKey: Guid(3f4ca0a1fbd352441b220540987cdce5) Importer(815301076,1909f56bfc062723c751e8b465ee728b)
Start importing Packages/com.bluetea.ui/Runtime/UI/Resources/Images/Components/Chapter/chapter.jpg using Guid(3f4ca0a1fbd352441b220540987cdce5) Importer(815301076,1909f56bfc062723c751e8b465ee728b) (PreviewImporter) -> (artifact id: 'b32367dcfe6dde3dd8466b0ba497f1fa') in 0.1005621 seconds
Number of updated asset objects reloaded before import = 0Number of asset objects unloaded after import = 2

========================================================================
Received Import Request.
  Time since last request: 0.015662 seconds.
  path: Assets/IgnorePushing/Brick Project Studio/_BPS Basic Assets/Common/Textures/Legacy/Concrete-bump.png
  artifactKey: Guid(6f12722191c711042a077c553e272e01) Importer(815301076,1909f56bfc062723c751e8b465ee728b)
Start importing Assets/IgnorePushing/Brick Project Studio/_BPS Basic Assets/Common/Textures/Legacy/Concrete-bump.png using Guid(6f12722191c711042a077c553e272e01) Importer(815301076,1909f56bfc062723c751e8b465ee728b) (PreviewImporter) -> (artifact id: '407c06ea3bbcb9827720774de1afb886') in 0.0160826 seconds
Number of updated asset objects reloaded before import = 0Number of asset objects unloaded after import = 2

========================================================================
Received Import Request.
  Time since last request: 0.000277 seconds.
  path: Assets/VRTemplateAssets/Materials/Environment/Concrete_Albedo.tif
  artifactKey: Guid(5803a7cd377fea04dbb2916a5d373150) Importer(815301076,1909f56bfc062723c751e8b465ee728b)
Start importing Assets/VRTemplateAssets/Materials/Environment/Concrete_Albedo.tif using Guid(5803a7cd377fea04dbb2916a5d373150) Importer(815301076,1909f56bfc062723c751e8b465ee728b) (PreviewImporter) -> (artifact id: '9e067cc290e74753c9b5bfddce2f91e4') in 0.0512617 seconds
Number of updated asset objects reloaded before import = 0Number of asset objects unloaded after import = 2

========================================================================
Received Import Request.
  Time since last request: 1.268032 seconds.
  path: Assets/IgnorePushing/Kitchen Asset/FBX/CornFlakes/Materials/CornFlakes_DefaultMaterial_AlbedoTransparency.tga
  artifactKey: Guid(6edb4036304fdcf4cbe1c42b6d247791) Importer(815301076,1909f56bfc062723c751e8b465ee728b)
Start importing Assets/IgnorePushing/Kitchen Asset/FBX/CornFlakes/Materials/CornFlakes_DefaultMaterial_AlbedoTransparency.tga using Guid(6edb4036304fdcf4cbe1c42b6d247791) Importer(815301076,1909f56bfc062723c751e8b465ee728b) (PreviewImporter) -> (artifact id: '4375a85d81b095b6de73e502112b1d71') in 0.1331311 seconds
Number of updated asset objects reloaded before import = 0Number of asset objects unloaded after import = 2

========================================================================
Received Import Request.
  Time since last request: 0.000030 seconds.
  path: Assets/IgnorePushing/Kitchen Asset/FBX/Knife/Materials/KnifeKitchen_DefaultMaterial_MetallicSmoothness.tga
  artifactKey: Guid(951ae554407212345bb2bf87f1fd6c9c) Importer(815301076,1909f56bfc062723c751e8b465ee728b)
Start importing Assets/IgnorePushing/Kitchen Asset/FBX/Knife/Materials/KnifeKitchen_DefaultMaterial_MetallicSmoothness.tga using Guid(951ae554407212345bb2bf87f1fd6c9c) Importer(815301076,1909f56bfc062723c751e8b465ee728b) (PreviewImporter) -> (artifact id: '86e1bef210ae134d7eb80793a6d3c935') in 0.0686128 seconds
Number of updated asset objects reloaded before import = 0Number of asset objects unloaded after import = 2

========================================================================
Received Import Request.
  Time since last request: 0.000204 seconds.
  path: Assets/IgnorePushing/[Free] Phone/Textures/Metallic1k.png
  artifactKey: Guid(53775eaf77794704b97552ac87896645) Importer(815301076,1909f56bfc062723c751e8b465ee728b)
Start importing Assets/IgnorePushing/[Free] Phone/Textures/Metallic1k.png using Guid(53775eaf77794704b97552ac87896645) Importer(815301076,1909f56bfc062723c751e8b465ee728b) (PreviewImporter) -> (artifact id: 'b274493f30c5f07b5fa8484a6bdec2c4') in 0.0281878 seconds
Number of updated asset objects reloaded before import = 0Number of asset objects unloaded after import = 2

========================================================================
Received Import Request.
  Time since last request: 0.000103 seconds.
  path: Assets/Sketchfab For Unity/Dependencies/Resources/defaultModel.png
  artifactKey: Guid(4031f98ad4095c04e8a757b95f992c37) Importer(815301076,1909f56bfc062723c751e8b465ee728b)
Start importing Assets/Sketchfab For Unity/Dependencies/Resources/defaultModel.png using Guid(4031f98ad4095c04e8a757b95f992c37) Importer(815301076,1909f56bfc062723c751e8b465ee728b) (PreviewImporter) -> (artifact id: 'e62096645649fbcad83900f0bd3183a6') in 0.0271901 seconds
Number of updated asset objects reloaded before import = 0Number of asset objects unloaded after import = 2

========================================================================
Received Import Request.
  Time since last request: 0.000098 seconds.
  path: Assets/IgnorePushing/Kitchen Asset/FBX/Spoon/Materials/Spoon_DefaultMaterial_MetallicSmoothness.tga
  artifactKey: Guid(f44b0d28bea3d94459d43f73ae519aed) Importer(815301076,1909f56bfc062723c751e8b465ee728b)
Start importing Assets/IgnorePushing/Kitchen Asset/FBX/Spoon/Materials/Spoon_DefaultMaterial_MetallicSmoothness.tga using Guid(f44b0d28bea3d94459d43f73ae519aed) Importer(815301076,1909f56bfc062723c751e8b465ee728b) (PreviewImporter) -> (artifact id: '383c33c5e7563c8beff3c2ef3358e956') in 0.0476241 seconds
Number of updated asset objects reloaded before import = 0Number of asset objects unloaded after import = 2

========================================================================
Received Import Request.
  Time since last request: 0.000025 seconds.
  path: Assets/IgnorePushing/Kitchen Asset/FBX/Cap/Handle/Materials/Handle_DefaultMaterial_MetallicSmoothness.tga
  artifactKey: Guid(0ced6867bdf5ebb4eb2e9346591aa828) Importer(815301076,1909f56bfc062723c751e8b465ee728b)
Start importing Assets/IgnorePushing/Kitchen Asset/FBX/Cap/Handle/Materials/Handle_DefaultMaterial_MetallicSmoothness.tga using Guid(0ced6867bdf5ebb4eb2e9346591aa828) Importer(815301076,1909f56bfc062723c751e8b465ee728b) (PreviewImporter) -> (artifact id: '567644adbb647234174c75d549da862d') in 0.0358339 seconds
Number of updated asset objects reloaded before import = 0Number of asset objects unloaded after import = 2

========================================================================
Received Import Request.
  Time since last request: 0.000176 seconds.
  path: Assets/Import/USB_Stick_2/textures/DefaultMaterial_normal_2.png
  artifactKey: Guid(997d16b527cfb3c4b80da3a6a163737c) Importer(815301076,1909f56bfc062723c751e8b465ee728b)
Start importing Assets/Import/USB_Stick_2/textures/DefaultMaterial_normal_2.png using Guid(997d16b527cfb3c4b80da3a6a163737c) Importer(815301076,1909f56bfc062723c751e8b465ee728b) (PreviewImporter) -> (artifact id: '8341e8d612b44a477bfc6f20fe2d6cb6') in 0.0643738 seconds
Number of updated asset objects reloaded before import = 0Number of asset objects unloaded after import = 2

========================================================================
Received Import Request.
  Time since last request: 0.000022 seconds.
  path: Assets/VRTemplateAssets/Materials/Environment/wall_Metallic.png
  artifactKey: Guid(f0c44a6fb8432d840b04e763170b8d17) Importer(815301076,1909f56bfc062723c751e8b465ee728b)
Start importing Assets/VRTemplateAssets/Materials/Environment/wall_Metallic.png using Guid(f0c44a6fb8432d840b04e763170b8d17) Importer(815301076,1909f56bfc062723c751e8b465ee728b) (PreviewImporter) -> (artifact id: '8f5cd59f8b7a26f76c1076cfeae583d7') in 0.0139931 seconds
Number of updated asset objects reloaded before import = 0Number of asset objects unloaded after import = 2

========================================================================
Received Import Request.
  Time since last request: 0.000070 seconds.
  path: Assets/IgnorePushing/Kitchen Asset/FBX/DeepPlate/Materials/DeepPlate_DefaultMaterial_AlbedoTransparency.tga
  artifactKey: Guid(c811ed5c732f25243a6f50f9e93dbb24) Importer(815301076,1909f56bfc062723c751e8b465ee728b)
Start importing Assets/IgnorePushing/Kitchen Asset/FBX/DeepPlate/Materials/DeepPlate_DefaultMaterial_AlbedoTransparency.tga using Guid(c811ed5c732f25243a6f50f9e93dbb24) Importer(815301076,1909f56bfc062723c751e8b465ee728b) (PreviewImporter) -> (artifact id: '5ab5e6bc70e91a009a0a7c60570f8bee') in 0.0256387 seconds
Number of updated asset objects reloaded before import = 0Number of asset objects unloaded after import = 2

========================================================================
Received Import Request.
  Time since last request: 12.458077 seconds.
  path: Assets/VRTemplateAssets/Materials/Primitive/fabric_Normal.png
  artifactKey: Guid(9d8f4347f4a7fca4da366badc483a84c) Importer(815301076,1909f56bfc062723c751e8b465ee728b)
Start importing Assets/VRTemplateAssets/Materials/Primitive/fabric_Normal.png using Guid(9d8f4347f4a7fca4da366badc483a84c) Importer(815301076,1909f56bfc062723c751e8b465ee728b) (PreviewImporter) -> (artifact id: 'b715196d0859101bbad409977706e330') in 0.0198423 seconds
Number of updated asset objects reloaded before import = 0Number of asset objects unloaded after import = 2

========================================================================
Received Import Request.
  Time since last request: 0.138127 seconds.
  path: Assets/Samples/XR Interaction Toolkit/3.0.5/Starter Assets/DemoSceneAssets/Sprites/Forward.png
  artifactKey: Guid(f8ecc54972abacc46a93f671b0602139) Importer(815301076,1909f56bfc062723c751e8b465ee728b)
Start importing Assets/Samples/XR Interaction Toolkit/3.0.5/Starter Assets/DemoSceneAssets/Sprites/Forward.png using Guid(f8ecc54972abacc46a93f671b0602139) Importer(815301076,1909f56bfc062723c751e8b465ee728b) (PreviewImporter) -> (artifact id: 'a5c00d84a5bdb0c57742f9dcc39270c6') in 0.028551 seconds
Number of updated asset objects reloaded before import = 0Number of asset objects unloaded after import = 3

========================================================================
Received Import Request.
  Time since last request: 0.008195 seconds.
  path: Packages/com.bluetea.ui/Runtime/UI/Resources/Images/Components/Chapter/gradient.png
  artifactKey: Guid(0d1cc1f8593a3d0449fc1e52ffebff84) Importer(815301076,1909f56bfc062723c751e8b465ee728b)
Start importing Packages/com.bluetea.ui/Runtime/UI/Resources/Images/Components/Chapter/gradient.png using Guid(0d1cc1f8593a3d0449fc1e52ffebff84) Importer(815301076,1909f56bfc062723c751e8b465ee728b) (PreviewImporter) -> (artifact id: '1e40b81485dcbdb087f490934573b64d') in 0.0210126 seconds
Number of updated asset objects reloaded before import = 0Number of asset objects unloaded after import = 2

========================================================================
Received Import Request.
  Time since last request: 0.000019 seconds.
  path: Assets/IgnorePushing/Kitchen Asset/FBX/Cap/Handle/Materials/Handle_DefaultMaterial_Normal.tga
  artifactKey: Guid(137d91261698ca649bbfef740401bc3a) Importer(815301076,1909f56bfc062723c751e8b465ee728b)
Start importing Assets/IgnorePushing/Kitchen Asset/FBX/Cap/Handle/Materials/Handle_DefaultMaterial_Normal.tga using Guid(137d91261698ca649bbfef740401bc3a) Importer(815301076,1909f56bfc062723c751e8b465ee728b) (PreviewImporter) -> (artifact id: '40c8fbe72006e0d4ab5e067bd0132db8') in 0.1231898 seconds
Number of updated asset objects reloaded before import = 0Number of asset objects unloaded after import = 2

========================================================================
Received Import Request.
  Time since last request: 1.486765 seconds.
  path: Packages/com.bluetea.ui/Runtime/UI/Resources/Images/Icons/icon-checkbox.png
  artifactKey: Guid(2ca0097e137f9a7449c26ceeed10330a) Importer(815301076,1909f56bfc062723c751e8b465ee728b)
Start importing Packages/com.bluetea.ui/Runtime/UI/Resources/Images/Icons/icon-checkbox.png using Guid(2ca0097e137f9a7449c26ceeed10330a) Importer(815301076,1909f56bfc062723c751e8b465ee728b) (PreviewImporter) -> (artifact id: 'ef0a585887a58d50d1e2f0a4095e1935') in 0.0207745 seconds
Number of updated asset objects reloaded before import = 0Number of asset objects unloaded after import = 2

========================================================================
Received Import Request.
  Time since last request: 3.000265 seconds.
  path: Assets/IgnorePushing/Kitchen Asset/FBX/Lemon/Materials/Lemon_DefaultMaterial_AlbedoTransparency.tga
  artifactKey: Guid(60484a51401065e43ac41a1b1ef3257c) Importer(815301076,1909f56bfc062723c751e8b465ee728b)
Start importing Assets/IgnorePushing/Kitchen Asset/FBX/Lemon/Materials/Lemon_DefaultMaterial_AlbedoTransparency.tga using Guid(60484a51401065e43ac41a1b1ef3257c) Importer(815301076,1909f56bfc062723c751e8b465ee728b) (PreviewImporter) -> (artifact id: 'dcb3d9b8d8ba8196c082f0c4049e81f4') in 0.0485199 seconds
Number of updated asset objects reloaded before import = 0Number of asset objects unloaded after import = 2

========================================================================
Received Import Request.
  Time since last request: 13.577166 seconds.
  path: Assets/Import/Keep_Key/textures/material_6_diffuse_5.png
  artifactKey: Guid(8c87cc6163ef2ea449a219c019836ac8) Importer(815301076,1909f56bfc062723c751e8b465ee728b)
Start importing Assets/Import/Keep_Key/textures/material_6_diffuse_5.png using Guid(8c87cc6163ef2ea449a219c019836ac8) Importer(815301076,1909f56bfc062723c751e8b465ee728b) (PreviewImporter) -> (artifact id: 'e2ef06c757e26d651bfd87cf7261d249') in 0.031711 seconds
Number of updated asset objects reloaded before import = 0Number of asset objects unloaded after import = 2

========================================================================
Received Import Request.
  Time since last request: 0.000208 seconds.
  path: Assets/Import/Jade/textures/material_diffuse_0.png
  artifactKey: Guid(51d49248a7c16584cb8f3925f370f62a) Importer(815301076,1909f56bfc062723c751e8b465ee728b)
Start importing Assets/Import/Jade/textures/material_diffuse_0.png using Guid(51d49248a7c16584cb8f3925f370f62a) Importer(815301076,1909f56bfc062723c751e8b465ee728b) (PreviewImporter) -> (artifact id: 'd9fe6258c244d715975ce5068c2ac958') in 0.024645 seconds
Number of updated asset objects reloaded before import = 0Number of asset objects unloaded after import = 2

========================================================================
Received Import Request.
  Time since last request: 0.000021 seconds.
  path: Assets/Import/Keep_Key/textures/material_specularGlossiness_1.png
  artifactKey: Guid(e257da668ec2a4a4d92227d581669e4c) Importer(815301076,1909f56bfc062723c751e8b465ee728b)
Start importing Assets/Import/Keep_Key/textures/material_specularGlossiness_1.png using Guid(e257da668ec2a4a4d92227d581669e4c) Importer(815301076,1909f56bfc062723c751e8b465ee728b) (PreviewImporter) -> (artifact id: '7eb4d015e85ab56c95f0c8aabcfa2325') in 0.0242601 seconds
Number of updated asset objects reloaded before import = 0Number of asset objects unloaded after import = 2

========================================================================
Received Import Request.
  Time since last request: 0.000064 seconds.
  path: Assets/VRTemplateAssets/Sprites/Icons/Play.png
  artifactKey: Guid(490272c7e5fa30f4a88f5f77ac90ca97) Importer(815301076,1909f56bfc062723c751e8b465ee728b)
Start importing Assets/VRTemplateAssets/Sprites/Icons/Play.png using Guid(490272c7e5fa30f4a88f5f77ac90ca97) Importer(815301076,1909f56bfc062723c751e8b465ee728b) (PreviewImporter) -> (artifact id: 'fe87d621fe353bd0b7601819bbededa3') in 0.0202379 seconds
Number of updated asset objects reloaded before import = 0Number of asset objects unloaded after import = 3

========================================================================
Received Import Request.
  Time since last request: 0.000185 seconds.
  path: Assets/Import/Keep_Key/textures/material_diffuse_0.png
  artifactKey: Guid(9c7e7adffdf1bbc47a3819cfee4c8e6e) Importer(815301076,1909f56bfc062723c751e8b465ee728b)
Start importing Assets/Import/Keep_Key/textures/material_diffuse_0.png using Guid(9c7e7adffdf1bbc47a3819cfee4c8e6e) Importer(815301076,1909f56bfc062723c751e8b465ee728b) (PreviewImporter) -> (artifact id: '2ce2a6c35a77d15ba307c08c1ed4d8a6') in 0.0060605 seconds
Number of updated asset objects reloaded before import = 0Number of asset objects unloaded after import = 2

========================================================================
Received Import Request.
  Time since last request: 0.000293 seconds.
  path: Assets/IgnorePushing/DigitalKonstrukt/Prototyping_Pack_Free/Resources/Textures/Proto_grid.png
  artifactKey: Guid(42106d5139c46084e9338f3079c83481) Importer(815301076,1909f56bfc062723c751e8b465ee728b)
Start importing Assets/IgnorePushing/DigitalKonstrukt/Prototyping_Pack_Free/Resources/Textures/Proto_grid.png using Guid(42106d5139c46084e9338f3079c83481) Importer(815301076,1909f56bfc062723c751e8b465ee728b) (PreviewImporter) -> (artifact id: '1fb0b6765e823c17e30069626ca34172') in 0.0405902 seconds
Number of updated asset objects reloaded before import = 0Number of asset objects unloaded after import = 2

========================================================================
Received Import Request.
  Time since last request: 0.000069 seconds.
  path: Assets/VRTemplateAssets/Sprites/Icons/Rotate Right.png
  artifactKey: Guid(1e4fbbf0f3e2efa428b2176e5a91baed) Importer(815301076,1909f56bfc062723c751e8b465ee728b)
Start importing Assets/VRTemplateAssets/Sprites/Icons/Rotate Right.png using Guid(1e4fbbf0f3e2efa428b2176e5a91baed) Importer(815301076,1909f56bfc062723c751e8b465ee728b) (PreviewImporter) -> (artifact id: 'c9beacc06655477e8926eb312a0697fa') in 0.0208741 seconds
Number of updated asset objects reloaded before import = 0Number of asset objects unloaded after import = 3

========================================================================
Received Import Request.
  Time since last request: 0.000032 seconds.
  path: Assets/IgnorePushing/DigitalKonstrukt/Prototyping_Pack_Free/Resources/Textures/proto_interaction3.png
  artifactKey: Guid(a01e8f6cbdbea3e4daec924917271957) Importer(815301076,1909f56bfc062723c751e8b465ee728b)
Start importing Assets/IgnorePushing/DigitalKonstrukt/Prototyping_Pack_Free/Resources/Textures/proto_interaction3.png using Guid(a01e8f6cbdbea3e4daec924917271957) Importer(815301076,1909f56bfc062723c751e8b465ee728b) (PreviewImporter) -> (artifact id: 'a3f6e4bf3bce32b550e9161cbc32308f') in 0.0335879 seconds
Number of updated asset objects reloaded before import = 0Number of asset objects unloaded after import = 2

========================================================================
Received Import Request.
  Time since last request: 0.000158 seconds.
  path: Assets/VRTemplateAssets/Sprites/Icons/Scroll Up.png
  artifactKey: Guid(976e28fd05dde91429107e5f857f3c89) Importer(815301076,1909f56bfc062723c751e8b465ee728b)
Start importing Assets/VRTemplateAssets/Sprites/Icons/Scroll Up.png using Guid(976e28fd05dde91429107e5f857f3c89) Importer(815301076,1909f56bfc062723c751e8b465ee728b) (PreviewImporter) -> (artifact id: '306ffbca9475fa640c3ba723d35b6c29') in 0.0152329 seconds
Number of updated asset objects reloaded before import = 0Number of asset objects unloaded after import = 3

========================================================================
Received Import Request.
  Time since last request: 0.000054 seconds.
  path: Assets/IgnorePushing/Kitchen Asset/FBX/Spoon/Materials/Spoon_DefaultMaterial_AO.tga
  artifactKey: Guid(26066f135eb69e446a9889d5c0935778) Importer(815301076,1909f56bfc062723c751e8b465ee728b)
Start importing Assets/IgnorePushing/Kitchen Asset/FBX/Spoon/Materials/Spoon_DefaultMaterial_AO.tga using Guid(26066f135eb69e446a9889d5c0935778) Importer(815301076,1909f56bfc062723c751e8b465ee728b) (PreviewImporter) -> (artifact id: '30c0b3a5c95d8e02877967efc7a5c274') in 0.036655 seconds
Number of updated asset objects reloaded before import = 0Number of asset objects unloaded after import = 2

========================================================================
Received Import Request.
  Time since last request: 1.093807 seconds.
  path: Assets/Import/Sats_Card/textures/material_1_diffuse_1.png
  artifactKey: Guid(01d2b1a043126c54bb6489b92a0ba776) Importer(815301076,1909f56bfc062723c751e8b465ee728b)
Start importing Assets/Import/Sats_Card/textures/material_1_diffuse_1.png using Guid(01d2b1a043126c54bb6489b92a0ba776) Importer(815301076,1909f56bfc062723c751e8b465ee728b) (PreviewImporter) -> (artifact id: '505117611091395e025a875a68b9be78') in 0.032768 seconds
Number of updated asset objects reloaded before import = 0Number of asset objects unloaded after import = 2

========================================================================
Received Import Request.
  Time since last request: 0.000024 seconds.
  path: Assets/Import/Keep_Key/textures/material_2_diffuse_3.png
  artifactKey: Guid(66bcd63de3e142944a6adaa663bbf7a8) Importer(815301076,1909f56bfc062723c751e8b465ee728b)
Start importing Assets/Import/Keep_Key/textures/material_2_diffuse_3.png using Guid(66bcd63de3e142944a6adaa663bbf7a8) Importer(815301076,1909f56bfc062723c751e8b465ee728b) (PreviewImporter) -> (artifact id: '94854f45c44445c49ec3d7ffae79e360') in 0.021326 seconds
Number of updated asset objects reloaded before import = 0Number of asset objects unloaded after import = 2

========================================================================
Received Import Request.
  Time since last request: 0.000462 seconds.
  path: Assets/Import/Keep_Key/textures/material_5_diffuse_4.png
  artifactKey: Guid(4da40b5d5d816cd409ee30c1ef765b0a) Importer(815301076,1909f56bfc062723c751e8b465ee728b)
Start importing Assets/Import/Keep_Key/textures/material_5_diffuse_4.png using Guid(4da40b5d5d816cd409ee30c1ef765b0a) Importer(815301076,1909f56bfc062723c751e8b465ee728b) (PreviewImporter) -> (artifact id: 'bfc6225194080d54c71a6d4fea365feb') in 0.0199878 seconds
Number of updated asset objects reloaded before import = 0Number of asset objects unloaded after import = 2

========================================================================
Received Import Request.
  Time since last request: 0.000034 seconds.
  path: Assets/VRTemplateAssets/Materials/Primitive/torus_Base_color.png
  artifactKey: Guid(ca79f6bd1241df749b5287c1ef0c0304) Importer(815301076,1909f56bfc062723c751e8b465ee728b)
Start importing Assets/VRTemplateAssets/Materials/Primitive/torus_Base_color.png using Guid(ca79f6bd1241df749b5287c1ef0c0304) Importer(815301076,1909f56bfc062723c751e8b465ee728b) (PreviewImporter) -> (artifact id: 'e26390e218f8348a3d50fd4084b7f5c6') in 0.0200788 seconds
Number of updated asset objects reloaded before import = 0Number of asset objects unloaded after import = 2

========================================================================
Received Import Request.
  Time since last request: 2.823950 seconds.
  path: Assets/IgnorePushing/WhitePorcelainDishSetDemo/Textures/InteriorSky.png
  artifactKey: Guid(f46485ffad011e24d9f9c0df382e40df) Importer(815301076,1909f56bfc062723c751e8b465ee728b)
Start importing Assets/IgnorePushing/WhitePorcelainDishSetDemo/Textures/InteriorSky.png using Guid(f46485ffad011e24d9f9c0df382e40df) Importer(815301076,1909f56bfc062723c751e8b465ee728b) (PreviewImporter) -> (artifact id: '95c4365881fef56370a65e211d99f6fe') in 0.1032367 seconds
Number of updated asset objects reloaded before import = 0Number of asset objects unloaded after import = 1

========================================================================
Received Import Request.
  Time since last request: 15.817697 seconds.
  path: Assets/IgnorePushing/Kitchen Asset/FBX/Spoon/Materials/Spoon_DefaultMaterial_Normal.tga
  artifactKey: Guid(5bbcff525b1cf474b946402c2fc9c573) Importer(815301076,1909f56bfc062723c751e8b465ee728b)
Start importing Assets/IgnorePushing/Kitchen Asset/FBX/Spoon/Materials/Spoon_DefaultMaterial_Normal.tga using Guid(5bbcff525b1cf474b946402c2fc9c573) Importer(815301076,1909f56bfc062723c751e8b465ee728b) (PreviewImporter) -> (artifact id: '0db710c80f84be92b81208d5d30d5734') in 0.0587125 seconds
Number of updated asset objects reloaded before import = 0Number of asset objects unloaded after import = 2

========================================================================
Received Import Request.
  Time since last request: 0.000299 seconds.
  path: Assets/VRTemplateAssets/Materials/Environment/wall2_Height.png
  artifactKey: Guid(8002692e17ddbbf4d89c025c4679de37) Importer(815301076,1909f56bfc062723c751e8b465ee728b)
Start importing Assets/VRTemplateAssets/Materials/Environment/wall2_Height.png using Guid(8002692e17ddbbf4d89c025c4679de37) Importer(815301076,1909f56bfc062723c751e8b465ee728b) (PreviewImporter) -> (artifact id: 'e81e3ea800de15f2f38d46325cebfc16') in 0.0451097 seconds
Number of updated asset objects reloaded before import = 0Number of asset objects unloaded after import = 2

========================================================================
Received Import Request.
  Time since last request: 0.000050 seconds.
  path: Assets/VRTemplateAssets/Materials/Environment/wall_Height.png
  artifactKey: Guid(b2766e330f67bc74b90720c501d9fe01) Importer(815301076,1909f56bfc062723c751e8b465ee728b)
Start importing Assets/VRTemplateAssets/Materials/Environment/wall_Height.png using Guid(b2766e330f67bc74b90720c501d9fe01) Importer(815301076,1909f56bfc062723c751e8b465ee728b) (PreviewImporter) -> (artifact id: 'c0152872b1fa9678b86628ad967a1914') in 0.0584953 seconds
Number of updated asset objects reloaded before import = 0Number of asset objects unloaded after import = 2

Editor requested this worker to shutdown with reason: Scaling down because of idle timeout
AssetImportWorkerClient::OnTransportError - code=2 error=End of file
AssetImportWorker is now disconnected from the server
Process exiting
Exiting without the bug reporter. Application will terminate with return code 0