Using pre-set license
Built from 'trunk' branch; Version is '6000.0.20f1 (05208a74e9aa) revision 336010'; Using compiler version '193933523'; Build Type 'Release'
OS: 'Windows 11  (10.0.22631) 64bit Core' Language: 'en' Physical Memory: 32469 MB
BatchMode: 1, IsHumanControllingUs: 0, StartBugReporterOnCrash: 0, Is64bit: 1, IsPro: 1

COMMAND LINE ARGUMENTS:
C:\Program Files\Unity\Hub\Editor\6000.0.20f1\Editor\Unity.exe
-adb2
-batchMode
-noUpm
-name
AssetImportWorker25
-projectPath
C:/Dima/Projects/search-room-test/vr-search
-logFile
Logs/AssetImportWorker25.log
-srvPort
59064
-job-worker-count
15
-background-job-worker-count
8
-asset-garbage-collectors
1
Successfully changed project path to: C:/Dima/Projects/search-room-test/vr-search
C:/Dima/Projects/search-room-test/vr-search
[UnityMemory] Configuration Parameters - Can be set up in boot.config
    "memorysetup-bucket-allocator-granularity=16"
    "memorysetup-bucket-allocator-bucket-count=8"
    "memorysetup-bucket-allocator-block-size=33554432"
    "memorysetup-bucket-allocator-block-count=8"
    "memorysetup-main-allocator-block-size=16777216"
    "memorysetup-thread-allocator-block-size=16777216"
    "memorysetup-gfx-main-allocator-block-size=16777216"
    "memorysetup-gfx-thread-allocator-block-size=16777216"
    "memorysetup-cache-allocator-block-size=4194304"
    "memorysetup-typetree-allocator-block-size=2097152"
    "memorysetup-profiler-bucket-allocator-granularity=16"
    "memorysetup-profiler-bucket-allocator-bucket-count=8"
    "memorysetup-profiler-bucket-allocator-block-size=33554432"
    "memorysetup-profiler-bucket-allocator-block-count=8"
    "memorysetup-profiler-allocator-block-size=16777216"
    "memorysetup-profiler-editor-allocator-block-size=1048576"
    "memorysetup-temp-allocator-size-main=16777216"
    "memorysetup-job-temp-allocator-block-size=2097152"
    "memorysetup-job-temp-allocator-block-size-background=1048576"
    "memorysetup-job-temp-allocator-reduction-small-platforms=262144"
    "memorysetup-allocator-temp-initial-block-size-main=262144"
    "memorysetup-allocator-temp-initial-block-size-worker=262144"
    "memorysetup-temp-allocator-size-background-worker=32768"
    "memorysetup-temp-allocator-size-job-worker=262144"
    "memorysetup-temp-allocator-size-preload-manager=33554432"
    "memorysetup-temp-allocator-size-nav-mesh-worker=65536"
    "memorysetup-temp-allocator-size-audio-worker=65536"
    "memorysetup-temp-allocator-size-cloud-worker=32768"
    "memorysetup-temp-allocator-size-gi-baking-worker=262144"
    "memorysetup-temp-allocator-size-gi-baking-worker=262144"
    "memorysetup-temp-allocator-size-gi-baking-worker=262144"
    "memorysetup-temp-allocator-size-gi-baking-worker=262144"
    "memorysetup-temp-allocator-size-gi-baking-worker=262144"
    "memorysetup-temp-allocator-size-gfx=262144"
Player connection [32676]  Target information:

Player connection [32676]  * "[IP] 10.2.0.2 [Port] 0 [Flags] 2 [Guid] 612997342 [EditorId] 612997342 [Version] 1048832 [Id] WindowsEditor(7,MSI) [Debug] 1 [PackageName] WindowsEditor [ProjectName] Editor" 

Player connection [32676]  * "[IP] 192.168.2.32 [Port] 0 [Flags] 2 [Guid] 612997342 [EditorId] 612997342 [Version] 1048832 [Id] WindowsEditor(7,MSI) [Debug] 1 [PackageName] WindowsEditor [ProjectName] Editor" 

Player connection [32676] Host joined multi-casting on [225.0.0.222:54997]...
Player connection [32676] Host joined alternative multi-casting on [225.0.0.222:34997]...
JobSystem: Creating JobQueue using job-worker-count value 15
[Physics::Module] Initialized fallback backend.
[Physics::Module] Id: 0xdecafbad
Library Redirect Path: Library/
[Physics::Module] Selected backend.
[Physics::Module] Name: PhysX
[Physics::Module] Id: 0xf2b8ea05
[Physics::Module] SDK Version: 4.1.2
[Physics::Module] Integration Version: 1.0.0
[Physics::Module] Threading Mode: Multi-Threaded
Refreshing native plugins compatible for Editor in 811.89 ms, found 13 plugins.
Preloading 1 native plugins for Editor in 0.59 ms.
Initialize engine version: 6000.0.20f1 (05208a74e9aa)
[Subsystems] Discovering subsystems at path C:/Program Files/Unity/Hub/Editor/6000.0.20f1/Editor/Data/Resources/UnitySubsystems
[Subsystems] Discovering subsystems at path C:/Dima/Projects/search-room-test/vr-search/Assets
GfxDevice: creating device client; kGfxThreadingModeNonThreaded
Direct3D:
    Version:  Direct3D 11.0 [level 11.1]
    Renderer: NVIDIA GeForce RTX 4080 Laptop GPU (ID=0x27a0)
    Vendor:   NVIDIA
    VRAM:     11997 MB
    Driver:   31.0.15.5188
Initialize mono
Mono path[0] = 'C:/Program Files/Unity/Hub/Editor/6000.0.20f1/Editor/Data/Managed'
Mono path[1] = 'C:/Program Files/Unity/Hub/Editor/6000.0.20f1/Editor/Data/MonoBleedingEdge/lib/mono/unityjit-win32'
Mono config path = 'C:/Program Files/Unity/Hub/Editor/6000.0.20f1/Editor/Data/MonoBleedingEdge/etc'
Using monoOptions --debugger-agent=transport=dt_socket,embedding=1,server=y,suspend=n,address=127.0.0.1:56912
Begin MonoManager ReloadAssembly
Registering precompiled unity dll's ...
Register platform support module: C:/Program Files/Unity/Hub/Editor/6000.0.20f1/Editor/Data/PlaybackEngines/WindowsStandaloneSupport/UnityEditor.WindowsStandalone.Extensions.dll
Register platform support module: C:/Program Files/Unity/Hub/Editor/6000.0.20f1/Editor/Data/PlaybackEngines/AndroidPlayer/UnityEditor.Android.Extensions.dll
Registered in 0.003234 seconds.
- Loaded All Assemblies, in  1.772 seconds
Native extension for Android target not found
Android Extension - Scanning For ADB Devices 259 ms
Native extension for WindowsStandalone target not found
Mono: successfully reloaded assembly
- Finished resetting the current domain, in  0.517 seconds
Domain Reload Profiling: 2287ms
	BeginReloadAssembly (315ms)
		ExecutionOrderSort (0ms)
		DisableScriptedObjects (0ms)
		BackupInstance (0ms)
		ReleaseScriptingObjects (0ms)
		CreateAndSetChildDomain (1ms)
	RebuildCommonClasses (469ms)
	RebuildNativeTypeToScriptingClass (8ms)
	initialDomainReloadingComplete (34ms)
	LoadAllAssembliesAndSetupDomain (944ms)
		LoadAssemblies (313ms)
		RebuildTransferFunctionScriptingTraits (0ms)
		AnalyzeDomain (941ms)
			TypeCache.Refresh (941ms)
				TypeCache.ScanAssembly (666ms)
			BuildScriptInfoCaches (0ms)
			ResolveRequiredComponents (0ms)
	FinalizeReload (518ms)
		ReleaseScriptCaches (0ms)
		RebuildScriptCaches (0ms)
		SetupLoadedEditorAssemblies (488ms)
			LogAssemblyErrors (0ms)
			InitializePlatformSupportModulesInManaged (326ms)
			SetLoadedEditorAssemblies (2ms)
			BeforeProcessingInitializeOnLoad (5ms)
			ProcessInitializeOnLoadAttributes (103ms)
			ProcessInitializeOnLoadMethodAttributes (49ms)
			AfterProcessingInitializeOnLoad (2ms)
			EditorAssembliesLoaded (0ms)
		ExecutionOrderSort2 (0ms)
		AwakeInstancesAfterBackupRestoration (0ms)
========================================================================
Worker process is ready to serve import requests
Import Worker Mode flag is 0x00
Begin MonoManager ReloadAssembly
- Loaded All Assemblies, in  6.076 seconds
'Packages/com.unity.xr.openxr/Runtime/OpenXRLoader.cs' contains partial class of Unity.Object, exactly 1 of the partial classes needs to be in a file with the same filename. This is to know the one that can be referenced from ie. GameObjects
'Packages/com.unity.xr.openxr/Runtime/OpenXRLoaderInternal.cs' contains partial class of Unity.Object, exactly 1 of the partial classes needs to be in a file with the same filename. This is to know the one that can be referenced from ie. GameObjects
Refreshing native plugins compatible for Editor in 7.82 ms, found 13 plugins.
Native extension for Android target not found
Native extension for WindowsStandalone target not found
Package Manager log level set to [2]
[Package Manager] Failed to launch server process. Reason: Unity was launched with the -noUpm command-line argument
[Package Manager] Unable to send message (not connected to server process).
[Package Manager] Cannot connect to Unity Package Manager local server
System.Reflection.TargetInvocationException: Exception has been thrown by the target of an invocation. ---> System.NullReferenceException: Object reference not set to an instance of an object
  at Unity.XR.Oculus.OculusLoader.AssetPathToAbsolutePath (System.String assetPath) [0x0003d] in .\Library\PackageCache\com.unity.xr.oculus\Runtime\OculusLoader.cs:298 
  at Unity.XR.Oculus.OculusLoader.EditorLoadOVRPlugin () [0x0008c] in .\Library\PackageCache\com.unity.xr.oculus\Runtime\OculusLoader.cs:283 
  at (wrapper managed-to-native) System.Reflection.RuntimeMethodInfo.InternalInvoke(System.Reflection.RuntimeMethodInfo,object,object[],System.Exception&)
  at System.Reflection.RuntimeMethodInfo.Invoke (System.Object obj, System.Reflection.BindingFlags invokeAttr, System.Reflection.Binder binder, System.Object[] parameters, System.Globalization.CultureInfo culture) [0x0006a] in <321eb2db7c6d43ea8fc39b54eaca3452>:0 
   --- End of inner exception stack trace ---
  at System.Reflection.RuntimeMethodInfo.Invoke (System.Object obj, System.Reflection.BindingFlags invokeAttr, System.Reflection.Binder binder, System.Object[] parameters, System.Globalization.CultureInfo culture) [0x00083] in <321eb2db7c6d43ea8fc39b54eaca3452>:0 
  at System.Reflection.MethodBase.Invoke (System.Object obj, System.Object[] parameters) [0x00000] in <321eb2db7c6d43ea8fc39b54eaca3452>:0 
  at UnityEditor.EditorAssemblies.ProcessInitializeOnLoadMethodAttributes () [0x00056] in <72fbd834e62348cf8a5f322f2740f684>:0 
UnityEngine.Debug:ExtractStackTraceNoAlloc (byte*,int,string)
UnityEngine.StackTraceUtility:ExtractStackTrace ()
UnityEngine.DebugLogHandler:Internal_Log (UnityEngine.LogType,UnityEngine.LogOption,string,UnityEngine.Object)
UnityEngine.DebugLogHandler:LogFormat (UnityEngine.LogType,UnityEngine.Object,string,object[])
UnityEngine.Logger:Log (UnityEngine.LogType,object)
UnityEngine.Debug:LogError (object)
UnityEditor.EditorAssemblies:ProcessInitializeOnLoadMethodAttributes ()

Mono: successfully reloaded assembly
[Package Manager] Failed to launch server process. Reason: Unity was launched with the -noUpm command-line argument
[Package Manager] Unable to send message (not connected to server process).
[Package Manager] Cannot connect to Unity Package Manager local server
[Package Manager] Failed to launch server process. Reason: Unity was launched with the -noUpm command-line argument
[Package Manager] Unable to send message (not connected to server process).
[Package Manager] Cannot connect to Unity Package Manager local server
- Finished resetting the current domain, in  0.805 seconds
Domain Reload Profiling: 6875ms
	BeginReloadAssembly (763ms)
		ExecutionOrderSort (0ms)
		DisableScriptedObjects (4ms)
		BackupInstance (0ms)
		ReleaseScriptingObjects (0ms)
		CreateAndSetChildDomain (21ms)
	RebuildCommonClasses (26ms)
	RebuildNativeTypeToScriptingClass (8ms)
	initialDomainReloadingComplete (55ms)
	LoadAllAssembliesAndSetupDomain (5218ms)
		LoadAssemblies (4456ms)
		RebuildTransferFunctionScriptingTraits (0ms)
		AnalyzeDomain (840ms)
			TypeCache.Refresh (764ms)
				TypeCache.ScanAssembly (707ms)
			BuildScriptInfoCaches (64ms)
			ResolveRequiredComponents (9ms)
	FinalizeReload (805ms)
		ReleaseScriptCaches (0ms)
		RebuildScriptCaches (0ms)
		SetupLoadedEditorAssemblies (649ms)
			LogAssemblyErrors (0ms)
			InitializePlatformSupportModulesInManaged (9ms)
			SetLoadedEditorAssemblies (3ms)
			BeforeProcessingInitializeOnLoad (64ms)
			ProcessInitializeOnLoadAttributes (457ms)
			ProcessInitializeOnLoadMethodAttributes (110ms)
			AfterProcessingInitializeOnLoad (5ms)
			EditorAssembliesLoaded (0ms)
		ExecutionOrderSort2 (0ms)
		AwakeInstancesAfterBackupRestoration (3ms)
Launched and connected shader compiler UnityShaderCompiler.exe after 0.03 seconds
Refreshing native plugins compatible for Editor in 13.58 ms, found 13 plugins.
Preloading 1 native plugins for Editor in 0.20 ms.
Unloading 171 Unused Serialized files (Serialized files now loaded: 0)
Unloading 7489 unused Assets / (6.5 MB). Loaded Objects now: 8171.
Memory consumption went from 211.5 MB to 205.0 MB.
Total: 6.763300 ms (FindLiveObjects: 0.465800 ms CreateObjectMapping: 0.298100 ms MarkObjects: 4.051400 ms  DeleteObjects: 1.947200 ms)

========================================================================
Received Import Request.
  Time since last request: 119931.024831 seconds.
  path: Assets
  artifactKey: Guid(00000000000000001000000000000000) Importer(815301076,1909f56bfc062723c751e8b465ee728b)
Start importing Assets using Guid(00000000000000001000000000000000) Importer(815301076,1909f56bfc062723c751e8b465ee728b) (PreviewImporter) -> (artifact id: 'c391582d739b6e62a5220f35cbb167ac') in 0.0217452 seconds
Number of updated asset objects reloaded before import = 0Number of asset objects unloaded after import = 0

========================================================================
Received Import Request.
  Time since last request: 7.887511 seconds.
  path: Assets/Images
  artifactKey: Guid(efdc316cc71dc2644b5692c37aed245d) Importer(815301076,1909f56bfc062723c751e8b465ee728b)
Start importing Assets/Images using Guid(efdc316cc71dc2644b5692c37aed245d) Importer(815301076,1909f56bfc062723c751e8b465ee728b) (PreviewImporter) -> (artifact id: '2e62f9b62c89b34fe90c3ed80baa5b1a') in 0.0004022 seconds
Number of updated asset objects reloaded before import = 0Number of asset objects unloaded after import = 0

========================================================================
Received Import Request.
  Time since last request: 265.353736 seconds.
  path: Assets/Images/bonus.png
  artifactKey: Guid(fa89958cece56ec459ec6b2731ed3a81) Importer(815301076,1909f56bfc062723c751e8b465ee728b)
Start importing Assets/Images/bonus.png using Guid(fa89958cece56ec459ec6b2731ed3a81) Importer(815301076,1909f56bfc062723c751e8b465ee728b) (PreviewImporter) -> (artifact id: '0684add8b7282dce415dce6f0979c17a') in 0.053541 seconds
Number of updated asset objects reloaded before import = 0Number of asset objects unloaded after import = 2

========================================================================
Received Import Request.
  Time since last request: 18.398446 seconds.
  path: Assets/Images/bonus.png
  artifactKey: Guid(fa89958cece56ec459ec6b2731ed3a81) Importer(815301076,1909f56bfc062723c751e8b465ee728b)
Start importing Assets/Images/bonus.png using Guid(fa89958cece56ec459ec6b2731ed3a81) Importer(815301076,1909f56bfc062723c751e8b465ee728b) (PreviewImporter) -> (artifact id: 'e0ae3cea5a4d550c3537871752409fcb') in 0.0734813 seconds
Number of updated asset objects reloaded before import = 0Number of asset objects unloaded after import = 1

========================================================================
Received Import Request.
  Time since last request: 18.536117 seconds.
  path: Assets/Materials
  artifactKey: Guid(a29ba1ab558f8464399091a4275aac53) Importer(815301076,1909f56bfc062723c751e8b465ee728b)
Start importing Assets/Materials using Guid(a29ba1ab558f8464399091a4275aac53) Importer(815301076,1909f56bfc062723c751e8b465ee728b) (PreviewImporter) -> (artifact id: 'a3bd666fdcac644b069b95b59498f98c') in 0.0005745 seconds
Number of updated asset objects reloaded before import = 0Number of asset objects unloaded after import = 0

========================================================================
Received Import Request.
  Time since last request: 2.127166 seconds.
  path: Assets/Materials/Button_frame_mat.mat
  artifactKey: Guid(3abed2cfaa7c79e42b1255b318eee14a) Importer(815301076,1909f56bfc062723c751e8b465ee728b)
Start importing Assets/Materials/Button_frame_mat.mat using Guid(3abed2cfaa7c79e42b1255b318eee14a) Importer(815301076,1909f56bfc062723c751e8b465ee728b) (PreviewImporter) -> (artifact id: '9af2d46b338f0baf1cd0915aec117289') in 0.0425459 seconds
Number of updated asset objects reloaded before import = 0Number of asset objects unloaded after import = 1

========================================================================
Received Import Request.
  Time since last request: 0.005261 seconds.
  path: Assets/Materials/Teleport_mat.mat
  artifactKey: Guid(3befb35ba81cea64c9a8855155d5f43e) Importer(815301076,1909f56bfc062723c751e8b465ee728b)
Start importing Assets/Materials/Teleport_mat.mat using Guid(3befb35ba81cea64c9a8855155d5f43e) Importer(815301076,1909f56bfc062723c751e8b465ee728b) (PreviewImporter) -> (artifact id: '0193c5c9b2bca19df619cef398fc03a3') in 0.016627 seconds
Number of updated asset objects reloaded before import = 0Number of asset objects unloaded after import = 1

========================================================================
Received Import Request.
  Time since last request: 0.000063 seconds.
  path: Assets/Materials/Yellow.mat
  artifactKey: Guid(6976c216d2f49d441ac445674480a1c5) Importer(815301076,1909f56bfc062723c751e8b465ee728b)
Start importing Assets/Materials/Yellow.mat using Guid(6976c216d2f49d441ac445674480a1c5) Importer(815301076,1909f56bfc062723c751e8b465ee728b) (PreviewImporter) -> (artifact id: 'b5045d47275977a1df975255643fa968') in 0.029344 seconds
Number of updated asset objects reloaded before import = 0Number of asset objects unloaded after import = 1

========================================================================
Received Import Request.
  Time since last request: 0.000110 seconds.
  path: Assets/Materials/New Material.mat
  artifactKey: Guid(a12f1f3562b865e4dbf35f70574a5310) Importer(815301076,1909f56bfc062723c751e8b465ee728b)
Start importing Assets/Materials/New Material.mat using Guid(a12f1f3562b865e4dbf35f70574a5310) Importer(815301076,1909f56bfc062723c751e8b465ee728b) (PreviewImporter) -> (artifact id: 'fce9721e64704fc98b40fbc1b4574b4d') in 0.024495 seconds
Number of updated asset objects reloaded before import = 0Number of asset objects unloaded after import = 1

========================================================================
Received Import Request.
  Time since last request: 0.000057 seconds.
  path: Assets/Materials/Trans_green.mat
  artifactKey: Guid(78303dc7f3abf904fac2ccd35fd1cd74) Importer(815301076,1909f56bfc062723c751e8b465ee728b)
Start importing Assets/Materials/Trans_green.mat using Guid(78303dc7f3abf904fac2ccd35fd1cd74) Importer(815301076,1909f56bfc062723c751e8b465ee728b) (PreviewImporter) -> (artifact id: '17a1d0c73548d0537c4a385780452181') in 0.0392074 seconds
Number of updated asset objects reloaded before import = 0Number of asset objects unloaded after import = 1

========================================================================
Received Import Request.
  Time since last request: 9.114436 seconds.
  path: Assets/Materials/Bonus_material.mat
  artifactKey: Guid(f2f5903a2fef4d34091fdd24ed9e4760) Importer(815301076,1909f56bfc062723c751e8b465ee728b)
Start importing Assets/Materials/Bonus_material.mat using Guid(f2f5903a2fef4d34091fdd24ed9e4760) Importer(815301076,1909f56bfc062723c751e8b465ee728b) (PreviewImporter) -> (artifact id: 'c99e568bb48cdbce3e79361ee0a2fbad') in 0.0178781 seconds
Number of updated asset objects reloaded before import = 0Number of asset objects unloaded after import = 1

========================================================================
Received Import Request.
  Time since last request: 34.210430 seconds.
  path: Assets/Images/bonus.png
  artifactKey: Guid(fa89958cece56ec459ec6b2731ed3a81) Importer(815301076,1909f56bfc062723c751e8b465ee728b)
Start importing Assets/Images/bonus.png using Guid(fa89958cece56ec459ec6b2731ed3a81) Importer(815301076,1909f56bfc062723c751e8b465ee728b) (PreviewImporter) -> (artifact id: '72b35b64fa53cb42871a8d46e101d7f0') in 0.0205977 seconds
Number of updated asset objects reloaded before import = 0Number of asset objects unloaded after import = 2

========================================================================
Received Import Request.
  Time since last request: 326.273127 seconds.
  path: Assets/Scripts/Scriptable Objects/TestScoreScheme.asset
  artifactKey: Guid(a7f1c5db910af5d47ad35eee0ee5ecf8) Importer(815301076,1909f56bfc062723c751e8b465ee728b)
Start importing Assets/Scripts/Scriptable Objects/TestScoreScheme.asset using Guid(a7f1c5db910af5d47ad35eee0ee5ecf8) Importer(815301076,1909f56bfc062723c751e8b465ee728b) (PreviewImporter) -> (artifact id: '75cd2a2120fcc8eec28c57ebbcf37ed5') in 0.0024851 seconds
Number of updated asset objects reloaded before import = 0Number of asset objects unloaded after import = 1

========================================================================
Received Import Request.
  Time since last request: 17.426126 seconds.
  path: Assets/Prefabs
  artifactKey: Guid(32f910a3a153a4744b402250a1facf39) Importer(815301076,1909f56bfc062723c751e8b465ee728b)
Start importing Assets/Prefabs using Guid(32f910a3a153a4744b402250a1facf39) Importer(815301076,1909f56bfc062723c751e8b465ee728b) (PreviewImporter) -> (artifact id: '591bb2f3b919d750ab161a720eb1625b') in 0.0004934 seconds
Number of updated asset objects reloaded before import = 0Number of asset objects unloaded after import = 0

========================================================================
Received Import Request.
  Time since last request: 0.055359 seconds.
  path: Assets/Prefabs/50 euro.prefab
  artifactKey: Guid(42890a6b8512b78419d6229d68bd0c98) Importer(815301076,1909f56bfc062723c751e8b465ee728b)
Start importing Assets/Prefabs/50 euro.prefab using Guid(42890a6b8512b78419d6229d68bd0c98) Importer(815301076,1909f56bfc062723c751e8b465ee728b) (PreviewImporter) -> (artifact id: '9bb22359ab12334c32502199d622497f') in 0.0142304 seconds
Number of updated asset objects reloaded before import = 0Number of asset objects unloaded after import = 9

========================================================================
Received Import Request.
  Time since last request: 0.012934 seconds.
  path: Assets/Prefabs/Book_2.prefab
  artifactKey: Guid(06c8317580237884f86b3d920a9e0d05) Importer(815301076,1909f56bfc062723c751e8b465ee728b)
Start importing Assets/Prefabs/Book_2.prefab using Guid(06c8317580237884f86b3d920a9e0d05) Importer(815301076,1909f56bfc062723c751e8b465ee728b) (PreviewImporter) -> (artifact id: '62b1b14f4f50f7713ac8069cceb317e7') in 0.0329619 seconds
Number of updated asset objects reloaded before import = 0Number of asset objects unloaded after import = 16

========================================================================
Received Import Request.
  Time since last request: 0.004939 seconds.
  path: Assets/Prefabs/Cabinet_Wall_DD_01.prefab
  artifactKey: Guid(e2a5df7614db6004da2cfefb4f4bc2b0) Importer(815301076,1909f56bfc062723c751e8b465ee728b)
Start importing Assets/Prefabs/Cabinet_Wall_DD_01.prefab using Guid(e2a5df7614db6004da2cfefb4f4bc2b0) Importer(815301076,1909f56bfc062723c751e8b465ee728b) (PreviewImporter) -> (artifact id: 'd5a65a752493c32e382208f894c83f08') in 0.0403692 seconds
Number of updated asset objects reloaded before import = 0Number of asset objects unloaded after import = 66

========================================================================
Received Import Request.
  Time since last request: 0.000131 seconds.
  path: Assets/Prefabs/MediaTable_01.prefab
  artifactKey: Guid(3981210ae8bd9a64eb82cf0615000a27) Importer(815301076,1909f56bfc062723c751e8b465ee728b)
Start importing Assets/Prefabs/MediaTable_01.prefab using Guid(3981210ae8bd9a64eb82cf0615000a27) Importer(815301076,1909f56bfc062723c751e8b465ee728b) (PreviewImporter) -> (artifact id: '7a81bf5ff6544779e6f8bf49a8c25f55') in 0.0343541 seconds
Number of updated asset objects reloaded before import = 0Number of asset objects unloaded after import = 160

========================================================================
Received Import Request.
  Time since last request: 0.000025 seconds.
  path: Assets/Prefabs/Small_Box_Closed_2.prefab
  artifactKey: Guid(fa3cad2decdea934e94669968d1afe9e) Importer(815301076,1909f56bfc062723c751e8b465ee728b)
Start importing Assets/Prefabs/Small_Box_Closed_2.prefab using Guid(fa3cad2decdea934e94669968d1afe9e) Importer(815301076,1909f56bfc062723c751e8b465ee728b) (PreviewImporter) -> (artifact id: 'c8271e0e054b1e0fffa4d65c8d5aaae6') in 0.0457144 seconds
Number of updated asset objects reloaded before import = 0Number of asset objects unloaded after import = 15

========================================================================
Received Import Request.
  Time since last request: 0.000014 seconds.
  path: Assets/Prefabs/Cabinet_Base_Corner_01.prefab
  artifactKey: Guid(fbc87300db079444fa8bc9a03d4498ef) Importer(815301076,1909f56bfc062723c751e8b465ee728b)
Start importing Assets/Prefabs/Cabinet_Base_Corner_01.prefab using Guid(fbc87300db079444fa8bc9a03d4498ef) Importer(815301076,1909f56bfc062723c751e8b465ee728b) (PreviewImporter) -> (artifact id: 'ed4c0d6f5d93021310d3ced48c7165b1') in 0.0619699 seconds
Number of updated asset objects reloaded before import = 0Number of asset objects unloaded after import = 82

========================================================================
Received Import Request.
  Time since last request: 0.000016 seconds.
  path: Assets/Prefabs/Cabinet_Wall_DD_02.prefab
  artifactKey: Guid(12ca1e70cd4474b4cbe6b2f3c0e10309) Importer(815301076,1909f56bfc062723c751e8b465ee728b)
Start importing Assets/Prefabs/Cabinet_Wall_DD_02.prefab using Guid(12ca1e70cd4474b4cbe6b2f3c0e10309) Importer(815301076,1909f56bfc062723c751e8b465ee728b) (PreviewImporter) -> (artifact id: '84ced29f3662dc15ae608c5cd5b4b0e1') in 0.0161608 seconds
Number of updated asset objects reloaded before import = 0Number of asset objects unloaded after import = 67

========================================================================
Received Import Request.
  Time since last request: 0.000014 seconds.
  path: Assets/Prefabs/Cabinet_Tall_DD_01.prefab
  artifactKey: Guid(75672429c0b33534b8a5790b8621d9d8) Importer(815301076,1909f56bfc062723c751e8b465ee728b)
Start importing Assets/Prefabs/Cabinet_Tall_DD_01.prefab using Guid(75672429c0b33534b8a5790b8621d9d8) Importer(815301076,1909f56bfc062723c751e8b465ee728b) (PreviewImporter) -> (artifact id: '1eaf8216907815ad146bf0308796e034') in 0.0161638 seconds
Number of updated asset objects reloaded before import = 0Number of asset objects unloaded after import = 66

========================================================================
Received Import Request.
  Time since last request: 0.000015 seconds.
  path: Assets/Prefabs/Plint Normal.prefab
  artifactKey: Guid(c736c17ddd8c4e44c9737f4401ee8f2d) Importer(815301076,1909f56bfc062723c751e8b465ee728b)
Start importing Assets/Prefabs/Plint Normal.prefab using Guid(c736c17ddd8c4e44c9737f4401ee8f2d) Importer(815301076,1909f56bfc062723c751e8b465ee728b) (PreviewImporter) -> (artifact id: '9fa6c1bf6654ea32f5a624760ba9e60e') in 0.0115548 seconds
Number of updated asset objects reloaded before import = 0Number of asset objects unloaded after import = 8

========================================================================
Received Import Request.
  Time since last request: 0.000027 seconds.
  path: Assets/Prefabs/Big_Box_Closed_2.prefab
  artifactKey: Guid(3b8efcb1262da314ab0c7db0f4060bee) Importer(815301076,1909f56bfc062723c751e8b465ee728b)
Start importing Assets/Prefabs/Big_Box_Closed_2.prefab using Guid(3b8efcb1262da314ab0c7db0f4060bee) Importer(815301076,1909f56bfc062723c751e8b465ee728b) (PreviewImporter) -> (artifact id: '0d6538e857d2cbb2c4945b5e7b47a41b') in 0.0435028 seconds
Number of updated asset objects reloaded before import = 0Number of asset objects unloaded after import = 17

========================================================================
Received Import Request.
  Time since last request: 0.000018 seconds.
  path: Assets/Prefabs/Canvas_Painting_03.prefab
  artifactKey: Guid(5cb59241e19018d42a6a8467862e0aff) Importer(815301076,1909f56bfc062723c751e8b465ee728b)
Start importing Assets/Prefabs/Canvas_Painting_03.prefab using Guid(5cb59241e19018d42a6a8467862e0aff) Importer(815301076,1909f56bfc062723c751e8b465ee728b) (PreviewImporter) -> (artifact id: '1c09ed2254341dc0efeda20886d75ac5') in 0.0253476 seconds
Number of updated asset objects reloaded before import = 0Number of asset objects unloaded after import = 16

========================================================================
Received Import Request.
  Time since last request: 0.000020 seconds.
  path: Assets/Prefabs/Medium_Box_Closed_2.prefab
  artifactKey: Guid(1d0a2c7ff8656ab4da5b169b1e019ce5) Importer(815301076,1909f56bfc062723c751e8b465ee728b)
Start importing Assets/Prefabs/Medium_Box_Closed_2.prefab using Guid(1d0a2c7ff8656ab4da5b169b1e019ce5) Importer(815301076,1909f56bfc062723c751e8b465ee728b) (PreviewImporter) -> (artifact id: '853f590f58b4f141b924aa05be7fdccb') in 0.051434 seconds
Number of updated asset objects reloaded before import = 0Number of asset objects unloaded after import = 15

========================================================================
Received Import Request.
  Time since last request: 0.000017 seconds.
  path: Assets/Prefabs/Sticky Notes Block.prefab
  artifactKey: Guid(b39216ff125ca004c9afa2bee0295f5b) Importer(815301076,1909f56bfc062723c751e8b465ee728b)
Start importing Assets/Prefabs/Sticky Notes Block.prefab using Guid(b39216ff125ca004c9afa2bee0295f5b) Importer(815301076,1909f56bfc062723c751e8b465ee728b) (PreviewImporter) -> (artifact id: '4226403e247ccf13a22494654d107a84') in 0.0307739 seconds
Number of updated asset objects reloaded before import = 0Number of asset objects unloaded after import = 69

========================================================================
Received Import Request.
  Time since last request: 0.000014 seconds.
  path: Assets/Prefabs/Fanta_drink_yellow.prefab
  artifactKey: Guid(7135b1754ad07fa4cb9327ec1efb1576) Importer(815301076,1909f56bfc062723c751e8b465ee728b)
Start importing Assets/Prefabs/Fanta_drink_yellow.prefab using Guid(7135b1754ad07fa4cb9327ec1efb1576) Importer(815301076,1909f56bfc062723c751e8b465ee728b) (PreviewImporter) -> (artifact id: 'a9ec3cc58f32415907bce85a5907d435') in 0.0366707 seconds
Number of updated asset objects reloaded before import = 0Number of asset objects unloaded after import = 26

========================================================================
Received Import Request.
  Time since last request: 0.000017 seconds.
  path: Assets/Prefabs/TooltipL.prefab
  artifactKey: Guid(c6b4bfcb771a4f545ba21f97a0ee1ecd) Importer(815301076,1909f56bfc062723c751e8b465ee728b)
Start importing Assets/Prefabs/TooltipL.prefab using Guid(c6b4bfcb771a4f545ba21f97a0ee1ecd) Importer(815301076,1909f56bfc062723c751e8b465ee728b) (PreviewImporter) -> (artifact id: '93496c074b5879ed55e13f2ea855a7fa') in 0.0391736 seconds
Number of updated asset objects reloaded before import = 0Number of asset objects unloaded after import = 41

========================================================================
Received Import Request.
  Time since last request: 0.000025 seconds.
  path: Assets/Prefabs/ComputerTable_Apt_01.prefab
  artifactKey: Guid(c6ee1264f5b50f64198795643befc506) Importer(815301076,1909f56bfc062723c751e8b465ee728b)
Start importing Assets/Prefabs/ComputerTable_Apt_01.prefab using Guid(c6ee1264f5b50f64198795643befc506) Importer(815301076,1909f56bfc062723c751e8b465ee728b) (PreviewImporter) -> (artifact id: '89e1fe9afc95b5dd9fc8e5bb425a2eb6') in 0.0465249 seconds
Number of updated asset objects reloaded before import = 0Number of asset objects unloaded after import = 187

========================================================================
Received Import Request.
  Time since last request: 0.000029 seconds.
  path: Assets/Prefabs/Cabinet_Base_Sink_01.prefab
  artifactKey: Guid(75024a82abd656748a1735f18a9479ca) Importer(815301076,1909f56bfc062723c751e8b465ee728b)
Start importing Assets/Prefabs/Cabinet_Base_Sink_01.prefab using Guid(75024a82abd656748a1735f18a9479ca) Importer(815301076,1909f56bfc062723c751e8b465ee728b) (PreviewImporter) -> (artifact id: '0a8ef2c33c27773cf32b852fa773ba78') in 0.0263364 seconds
Number of updated asset objects reloaded before import = 0Number of asset objects unloaded after import = 82

========================================================================
Received Import Request.
  Time since last request: 0.000016 seconds.
  path: Assets/Prefabs/Book_4.prefab
  artifactKey: Guid(f8ce1c33792b2364f909e7ecd6afd6bc) Importer(815301076,1909f56bfc062723c751e8b465ee728b)
Start importing Assets/Prefabs/Book_4.prefab using Guid(f8ce1c33792b2364f909e7ecd6afd6bc) Importer(815301076,1909f56bfc062723c751e8b465ee728b) (PreviewImporter) -> (artifact id: '3bbbe70b0931b21e09fb399d95f34531') in 0.0178814 seconds
Number of updated asset objects reloaded before import = 0Number of asset objects unloaded after import = 16

========================================================================
Received Import Request.
  Time since last request: 0.000019 seconds.
  path: Assets/Prefabs/Table_with_drawer.prefab
  artifactKey: Guid(5871477c9f7cb5643a7846e89f2ff558) Importer(815301076,1909f56bfc062723c751e8b465ee728b)
Start importing Assets/Prefabs/Table_with_drawer.prefab using Guid(5871477c9f7cb5643a7846e89f2ff558) Importer(815301076,1909f56bfc062723c751e8b465ee728b) (PreviewImporter) -> (artifact id: 'd0ec6e47fbf644d483fc65d954bd386c') in 0.094435 seconds
Number of updated asset objects reloaded before import = 0Number of asset objects unloaded after import = 66

========================================================================
Received Import Request.
  Time since last request: 0.000023 seconds.
  path: Assets/Prefabs/DoorFrame_Apt_02.prefab
  artifactKey: Guid(3f629fe091a212740a654a4518cf21b9) Importer(815301076,1909f56bfc062723c751e8b465ee728b)
Start importing Assets/Prefabs/DoorFrame_Apt_02.prefab using Guid(3f629fe091a212740a654a4518cf21b9) Importer(815301076,1909f56bfc062723c751e8b465ee728b) (PreviewImporter) -> (artifact id: '0ed59498707cdb601a3ce3e8e6e1cc08') in 0.0276876 seconds
Number of updated asset objects reloaded before import = 0Number of asset objects unloaded after import = 47

========================================================================
Received Import Request.
  Time since last request: 0.000023 seconds.
  path: Assets/Prefabs/Simple_Safe.prefab
  artifactKey: Guid(aa064a1ab5f5e4740bb534c6a917aeb3) Importer(815301076,1909f56bfc062723c751e8b465ee728b)
Start importing Assets/Prefabs/Simple_Safe.prefab using Guid(aa064a1ab5f5e4740bb534c6a917aeb3) Importer(815301076,1909f56bfc062723c751e8b465ee728b) (PreviewImporter) -> (artifact id: '9f01e3a4556a645d449f02c965d986bb') in 0.1472223 seconds
Number of updated asset objects reloaded before import = 0Number of asset objects unloaded after import = 339

========================================================================
Received Import Request.
  Time since last request: 0.000017 seconds.
  path: Assets/Prefabs/Cabinet_Wall_SD_01.prefab
  artifactKey: Guid(eba6f7b5ecb2df24ea0ce553babba660) Importer(815301076,1909f56bfc062723c751e8b465ee728b)
Start importing Assets/Prefabs/Cabinet_Wall_SD_01.prefab using Guid(eba6f7b5ecb2df24ea0ce553babba660) Importer(815301076,1909f56bfc062723c751e8b465ee728b) (PreviewImporter) -> (artifact id: 'ddeba9e3f20d01e53b68e818e52fdf9b') in 0.0194484 seconds
Number of updated asset objects reloaded before import = 0Number of asset objects unloaded after import = 50

========================================================================
Received Import Request.
  Time since last request: 0.000018 seconds.
  path: Assets/Prefabs/Canvas_Painting_01.prefab
  artifactKey: Guid(80aa7355a8a3f514aa6f358fbb11c15e) Importer(815301076,1909f56bfc062723c751e8b465ee728b)
Start importing Assets/Prefabs/Canvas_Painting_01.prefab using Guid(80aa7355a8a3f514aa6f358fbb11c15e) Importer(815301076,1909f56bfc062723c751e8b465ee728b) (PreviewImporter) -> (artifact id: 'f178795c9826f53d374ffedda8ad266c') in 0.026734 seconds
Number of updated asset objects reloaded before import = 0Number of asset objects unloaded after import = 15

========================================================================
Received Import Request.
  Time since last request: 0.000017 seconds.
  path: Assets/Prefabs/Cube.prefab
  artifactKey: Guid(0244593b67b387c46a5445d3f6b05429) Importer(815301076,1909f56bfc062723c751e8b465ee728b)
Start importing Assets/Prefabs/Cube.prefab using Guid(0244593b67b387c46a5445d3f6b05429) Importer(815301076,1909f56bfc062723c751e8b465ee728b) (PreviewImporter) -> (artifact id: '9c63495d8ae8a4de456494facd835dec') in 0.0144386 seconds
Number of updated asset objects reloaded before import = 0Number of asset objects unloaded after import = 11

========================================================================
Received Import Request.
  Time since last request: 0.000089 seconds.
  path: Assets/Prefabs/Book_3.prefab
  artifactKey: Guid(747c65901a414fb4e97704cee2326048) Importer(815301076,1909f56bfc062723c751e8b465ee728b)
Start importing Assets/Prefabs/Book_3.prefab using Guid(747c65901a414fb4e97704cee2326048) Importer(815301076,1909f56bfc062723c751e8b465ee728b) (PreviewImporter) -> (artifact id: '2d569eb933fb2b6e59503674746921c1') in 0.0173055 seconds
Number of updated asset objects reloaded before import = 0Number of asset objects unloaded after import = 16

========================================================================
Received Import Request.
  Time since last request: 0.000018 seconds.
  path: Assets/Prefabs/Menu Room.prefab
  artifactKey: Guid(f6eece50b53797f4aa2e292e551235d8) Importer(815301076,1909f56bfc062723c751e8b465ee728b)
Start importing Assets/Prefabs/Menu Room.prefab using Guid(f6eece50b53797f4aa2e292e551235d8) Importer(815301076,1909f56bfc062723c751e8b465ee728b) (PreviewImporter) -> (artifact id: '5d404f9b5d11a310a2cab31f2b4cf1ce') in 0.0641416 seconds
Number of updated asset objects reloaded before import = 0Number of asset objects unloaded after import = 183

========================================================================
Received Import Request.
  Time since last request: 0.000017 seconds.
  path: Assets/Prefabs/Fridge_01.prefab
  artifactKey: Guid(656300da82b334743a3f192c61fa6b51) Importer(815301076,1909f56bfc062723c751e8b465ee728b)
Start importing Assets/Prefabs/Fridge_01.prefab using Guid(656300da82b334743a3f192c61fa6b51) Importer(815301076,1909f56bfc062723c751e8b465ee728b) (PreviewImporter) -> (artifact id: '2e407361e5c462fa859eff4b0332657a') in 0.0469717 seconds
Number of updated asset objects reloaded before import = 0Number of asset objects unloaded after import = 395

========================================================================
Received Import Request.
  Time since last request: 0.000017 seconds.
  path: Assets/Prefabs/Coffee_Table_Apt_01.prefab
  artifactKey: Guid(18e2fa601c2929e4ab966da4a25acdf9) Importer(815301076,1909f56bfc062723c751e8b465ee728b)
Start importing Assets/Prefabs/Coffee_Table_Apt_01.prefab using Guid(18e2fa601c2929e4ab966da4a25acdf9) Importer(815301076,1909f56bfc062723c751e8b465ee728b) (PreviewImporter) -> (artifact id: 'c9467fff8eaff8959051b6264c858081') in 0.0204055 seconds
Number of updated asset objects reloaded before import = 0Number of asset objects unloaded after import = 27

========================================================================
Received Import Request.
  Time since last request: 0.000025 seconds.
  path: Assets/Prefabs/Player.prefab
  artifactKey: Guid(9285c44e75645f24e9acbc2aa725e7fb) Importer(815301076,1909f56bfc062723c751e8b465ee728b)
Start importing Assets/Prefabs/Player.prefab using Guid(9285c44e75645f24e9acbc2aa725e7fb) Importer(815301076,1909f56bfc062723c751e8b465ee728b) (PreviewImporter) -> (artifact id: '9fbfe8f4c871cbbea6df43451e012155') in 0.1174672 seconds
Number of updated asset objects reloaded before import = 0Number of asset objects unloaded after import = 798

========================================================================
Received Import Request.
  Time since last request: 1.241677 seconds.
  path: Assets/Prefabs/Crypto Assets
  artifactKey: Guid(14beb931b1de09f4796b5104d15e452c) Importer(815301076,1909f56bfc062723c751e8b465ee728b)
Start importing Assets/Prefabs/Crypto Assets using Guid(14beb931b1de09f4796b5104d15e452c) Importer(815301076,1909f56bfc062723c751e8b465ee728b) (PreviewImporter) -> (artifact id: 'ebbea82480f5ae6d627b2f92e09f5e89') in 0.0008615 seconds
Number of updated asset objects reloaded before import = 0Number of asset objects unloaded after import = 0

========================================================================
Received Import Request.
  Time since last request: 6.789763 seconds.
  path: Assets/Prefabs/Crypto Assets/HODLR CLASSIC DISK.prefab
  artifactKey: Guid(bcf81c0439d8fcc4e93d6f1890e0c7f3) Importer(815301076,1909f56bfc062723c751e8b465ee728b)
Start importing Assets/Prefabs/Crypto Assets/HODLR CLASSIC DISK.prefab using Guid(bcf81c0439d8fcc4e93d6f1890e0c7f3) Importer(815301076,1909f56bfc062723c751e8b465ee728b) (PreviewImporter) -> (artifact id: 'fb22c754f712304ca9e0043d8a54e9f2') in 0.0735313 seconds
Number of updated asset objects reloaded before import = 0Number of asset objects unloaded after import = 262

========================================================================
Received Import Request.
  Time since last request: 0.000013 seconds.
  path: Assets/Prefabs/Crypto Assets/Trezor_Keep_Metal.prefab
  artifactKey: Guid(826c7e331c41aba47964531b8626a56c) Importer(815301076,1909f56bfc062723c751e8b465ee728b)
Start importing Assets/Prefabs/Crypto Assets/Trezor_Keep_Metal.prefab using Guid(826c7e331c41aba47964531b8626a56c) Importer(815301076,1909f56bfc062723c751e8b465ee728b) (PreviewImporter) -> (artifact id: '6fc774201e228cb682ed0bf60fd0b040') in 0.0654754 seconds
Number of updated asset objects reloaded before import = 0Number of asset objects unloaded after import = 44

Editor requested this worker to shutdown with reason: Scaling down because of idle timeout
AssetImportWorker is now disconnected from the server
Process exiting
Exiting without the bug reporter. Application will terminate with return code 0