Using pre-set license
Built from 'trunk' branch; Version is '6000.0.20f1 (05208a74e9aa) revision 336010'; Using compiler version '193933523'; Build Type 'Release'
OS: 'Windows 11  (10.0.22631) 64bit Core' Language: 'en' Physical Memory: 32469 MB
BatchMode: 1, IsHumanControllingUs: 0, StartBugReporterOnCrash: 0, Is64bit: 1, IsPro: 1

COMMAND LINE ARGUMENTS:
C:\Program Files\Unity\Hub\Editor\6000.0.20f1\Editor\Unity.exe
-adb2
-batchMode
-noUpm
-name
AssetImportWorker33
-projectPath
C:/Dima/Projects/search-room-test/vr-search
-logFile
Logs/AssetImportWorker33.log
-srvPort
59064
-job-worker-count
15
-background-job-worker-count
8
-asset-garbage-collectors
1
Successfully changed project path to: C:/Dima/Projects/search-room-test/vr-search
C:/Dima/Projects/search-room-test/vr-search
[UnityMemory] Configuration Parameters - Can be set up in boot.config
    "memorysetup-bucket-allocator-granularity=16"
    "memorysetup-bucket-allocator-bucket-count=8"
    "memorysetup-bucket-allocator-block-size=33554432"
    "memorysetup-bucket-allocator-block-count=8"
    "memorysetup-main-allocator-block-size=16777216"
    "memorysetup-thread-allocator-block-size=16777216"
    "memorysetup-gfx-main-allocator-block-size=16777216"
    "memorysetup-gfx-thread-allocator-block-size=16777216"
    "memorysetup-cache-allocator-block-size=4194304"
    "memorysetup-typetree-allocator-block-size=2097152"
    "memorysetup-profiler-bucket-allocator-granularity=16"
    "memorysetup-profiler-bucket-allocator-bucket-count=8"
    "memorysetup-profiler-bucket-allocator-block-size=33554432"
    "memorysetup-profiler-bucket-allocator-block-count=8"
    "memorysetup-profiler-allocator-block-size=16777216"
    "memorysetup-profiler-editor-allocator-block-size=1048576"
    "memorysetup-temp-allocator-size-main=16777216"
    "memorysetup-job-temp-allocator-block-size=2097152"
    "memorysetup-job-temp-allocator-block-size-background=1048576"
    "memorysetup-job-temp-allocator-reduction-small-platforms=262144"
    "memorysetup-allocator-temp-initial-block-size-main=262144"
    "memorysetup-allocator-temp-initial-block-size-worker=262144"
    "memorysetup-temp-allocator-size-background-worker=32768"
    "memorysetup-temp-allocator-size-job-worker=262144"
    "memorysetup-temp-allocator-size-preload-manager=33554432"
    "memorysetup-temp-allocator-size-nav-mesh-worker=65536"
    "memorysetup-temp-allocator-size-audio-worker=65536"
    "memorysetup-temp-allocator-size-cloud-worker=32768"
    "memorysetup-temp-allocator-size-gi-baking-worker=262144"
    "memorysetup-temp-allocator-size-gi-baking-worker=262144"
    "memorysetup-temp-allocator-size-gi-baking-worker=262144"
    "memorysetup-temp-allocator-size-gi-baking-worker=262144"
    "memorysetup-temp-allocator-size-gi-baking-worker=262144"
    "memorysetup-temp-allocator-size-gfx=262144"
Player connection [38636]  Target information:

Player connection [38636]  * "[IP] 10.2.0.2 [Port] 0 [Flags] 2 [Guid] 538779672 [EditorId] 538779672 [Version] 1048832 [Id] WindowsEditor(7,MSI) [Debug] 1 [PackageName] WindowsEditor [ProjectName] Editor" 

Player connection [38636]  * "[IP] 192.168.2.32 [Port] 0 [Flags] 2 [Guid] 538779672 [EditorId] 538779672 [Version] 1048832 [Id] WindowsEditor(7,MSI) [Debug] 1 [PackageName] WindowsEditor [ProjectName] Editor" 

Player connection [38636] Host joined multi-casting on [225.0.0.222:54997]...
Player connection [38636] Host joined alternative multi-casting on [225.0.0.222:34997]...
JobSystem: Creating JobQueue using job-worker-count value 15
[Physics::Module] Initialized fallback backend.
[Physics::Module] Id: 0xdecafbad
Library Redirect Path: Library/
[Physics::Module] Selected backend.
[Physics::Module] Name: PhysX
[Physics::Module] Id: 0xf2b8ea05
[Physics::Module] SDK Version: 4.1.2
[Physics::Module] Integration Version: 1.0.0
[Physics::Module] Threading Mode: Multi-Threaded
Refreshing native plugins compatible for Editor in 12.78 ms, found 13 plugins.
Preloading 1 native plugins for Editor in 0.45 ms.
Initialize engine version: 6000.0.20f1 (05208a74e9aa)
[Subsystems] Discovering subsystems at path C:/Program Files/Unity/Hub/Editor/6000.0.20f1/Editor/Data/Resources/UnitySubsystems
[Subsystems] Discovering subsystems at path C:/Dima/Projects/search-room-test/vr-search/Assets
GfxDevice: creating device client; kGfxThreadingModeNonThreaded
Direct3D:
    Version:  Direct3D 11.0 [level 11.1]
    Renderer: NVIDIA GeForce RTX 4080 Laptop GPU (ID=0x27a0)
    Vendor:   NVIDIA
    VRAM:     11997 MB
    Driver:   31.0.15.5188
Initialize mono
Mono path[0] = 'C:/Program Files/Unity/Hub/Editor/6000.0.20f1/Editor/Data/Managed'
Mono path[1] = 'C:/Program Files/Unity/Hub/Editor/6000.0.20f1/Editor/Data/MonoBleedingEdge/lib/mono/unityjit-win32'
Mono config path = 'C:/Program Files/Unity/Hub/Editor/6000.0.20f1/Editor/Data/MonoBleedingEdge/etc'
Using monoOptions --debugger-agent=transport=dt_socket,embedding=1,server=y,suspend=n,address=127.0.0.1:56532
Begin MonoManager ReloadAssembly
Registering precompiled unity dll's ...
Register platform support module: C:/Program Files/Unity/Hub/Editor/6000.0.20f1/Editor/Data/PlaybackEngines/WindowsStandaloneSupport/UnityEditor.WindowsStandalone.Extensions.dll
Register platform support module: C:/Program Files/Unity/Hub/Editor/6000.0.20f1/Editor/Data/PlaybackEngines/AndroidPlayer/UnityEditor.Android.Extensions.dll
Registered in 0.007328 seconds.
- Loaded All Assemblies, in  0.402 seconds
Native extension for Android target not found
Android Extension - Scanning For ADB Devices 346 ms
Native extension for WindowsStandalone target not found
Mono: successfully reloaded assembly
- Finished resetting the current domain, in  0.704 seconds
Domain Reload Profiling: 1104ms
	BeginReloadAssembly (130ms)
		ExecutionOrderSort (0ms)
		DisableScriptedObjects (0ms)
		BackupInstance (0ms)
		ReleaseScriptingObjects (0ms)
		CreateAndSetChildDomain (1ms)
	RebuildCommonClasses (42ms)
	RebuildNativeTypeToScriptingClass (13ms)
	initialDomainReloadingComplete (53ms)
	LoadAllAssembliesAndSetupDomain (162ms)
		LoadAssemblies (127ms)
		RebuildTransferFunctionScriptingTraits (0ms)
		AnalyzeDomain (160ms)
			TypeCache.Refresh (158ms)
				TypeCache.ScanAssembly (143ms)
			BuildScriptInfoCaches (0ms)
			ResolveRequiredComponents (1ms)
	FinalizeReload (704ms)
		ReleaseScriptCaches (0ms)
		RebuildScriptCaches (0ms)
		SetupLoadedEditorAssemblies (652ms)
			LogAssemblyErrors (0ms)
			InitializePlatformSupportModulesInManaged (453ms)
			SetLoadedEditorAssemblies (3ms)
			BeforeProcessingInitializeOnLoad (6ms)
			ProcessInitializeOnLoadAttributes (131ms)
			ProcessInitializeOnLoadMethodAttributes (58ms)
			AfterProcessingInitializeOnLoad (2ms)
			EditorAssembliesLoaded (0ms)
		ExecutionOrderSort2 (0ms)
		AwakeInstancesAfterBackupRestoration (0ms)
========================================================================
Worker process is ready to serve import requests
Import Worker Mode flag is 0x00
Begin MonoManager ReloadAssembly
- Loaded All Assemblies, in  0.983 seconds
'Packages/com.unity.xr.openxr/Runtime/OpenXRLoader.cs' contains partial class of Unity.Object, exactly 1 of the partial classes needs to be in a file with the same filename. This is to know the one that can be referenced from ie. GameObjects
'Packages/com.unity.xr.openxr/Runtime/OpenXRLoaderInternal.cs' contains partial class of Unity.Object, exactly 1 of the partial classes needs to be in a file with the same filename. This is to know the one that can be referenced from ie. GameObjects
Refreshing native plugins compatible for Editor in 7.70 ms, found 13 plugins.
Native extension for Android target not found
Native extension for WindowsStandalone target not found
Package Manager log level set to [2]
[Package Manager] Failed to launch server process. Reason: Unity was launched with the -noUpm command-line argument
[Package Manager] Unable to send message (not connected to server process).
[Package Manager] Cannot connect to Unity Package Manager local server
System.Reflection.TargetInvocationException: Exception has been thrown by the target of an invocation. ---> System.NullReferenceException: Object reference not set to an instance of an object
  at Unity.XR.Oculus.OculusLoader.AssetPathToAbsolutePath (System.String assetPath) [0x0003d] in .\Library\PackageCache\com.unity.xr.oculus\Runtime\OculusLoader.cs:298 
  at Unity.XR.Oculus.OculusLoader.EditorLoadOVRPlugin () [0x0008c] in .\Library\PackageCache\com.unity.xr.oculus\Runtime\OculusLoader.cs:283 
  at (wrapper managed-to-native) System.Reflection.RuntimeMethodInfo.InternalInvoke(System.Reflection.RuntimeMethodInfo,object,object[],System.Exception&)
  at System.Reflection.RuntimeMethodInfo.Invoke (System.Object obj, System.Reflection.BindingFlags invokeAttr, System.Reflection.Binder binder, System.Object[] parameters, System.Globalization.CultureInfo culture) [0x0006a] in <321eb2db7c6d43ea8fc39b54eaca3452>:0 
   --- End of inner exception stack trace ---
  at System.Reflection.RuntimeMethodInfo.Invoke (System.Object obj, System.Reflection.BindingFlags invokeAttr, System.Reflection.Binder binder, System.Object[] parameters, System.Globalization.CultureInfo culture) [0x00083] in <321eb2db7c6d43ea8fc39b54eaca3452>:0 
  at System.Reflection.MethodBase.Invoke (System.Object obj, System.Object[] parameters) [0x00000] in <321eb2db7c6d43ea8fc39b54eaca3452>:0 
  at UnityEditor.EditorAssemblies.ProcessInitializeOnLoadMethodAttributes () [0x00056] in <72fbd834e62348cf8a5f322f2740f684>:0 
UnityEngine.Debug:ExtractStackTraceNoAlloc (byte*,int,string)
UnityEngine.StackTraceUtility:ExtractStackTrace ()
UnityEngine.DebugLogHandler:Internal_Log (UnityEngine.LogType,UnityEngine.LogOption,string,UnityEngine.Object)
UnityEngine.DebugLogHandler:LogFormat (UnityEngine.LogType,UnityEngine.Object,string,object[])
UnityEngine.Logger:Log (UnityEngine.LogType,object)
UnityEngine.Debug:LogError (object)
UnityEditor.EditorAssemblies:ProcessInitializeOnLoadMethodAttributes ()

Mono: successfully reloaded assembly
[Package Manager] Failed to launch server process. Reason: Unity was launched with the -noUpm command-line argument
[Package Manager] Unable to send message (not connected to server process).
[Package Manager] Cannot connect to Unity Package Manager local server
[Package Manager] Failed to launch server process. Reason: Unity was launched with the -noUpm command-line argument
[Package Manager] Unable to send message (not connected to server process).
[Package Manager] Cannot connect to Unity Package Manager local server
- Finished resetting the current domain, in  0.814 seconds
Domain Reload Profiling: 1791ms
	BeginReloadAssembly (314ms)
		ExecutionOrderSort (0ms)
		DisableScriptedObjects (4ms)
		BackupInstance (0ms)
		ReleaseScriptingObjects (0ms)
		CreateAndSetChildDomain (23ms)
	RebuildCommonClasses (25ms)
	RebuildNativeTypeToScriptingClass (8ms)
	initialDomainReloadingComplete (54ms)
	LoadAllAssembliesAndSetupDomain (575ms)
		LoadAssemblies (363ms)
		RebuildTransferFunctionScriptingTraits (0ms)
		AnalyzeDomain (290ms)
			TypeCache.Refresh (207ms)
				TypeCache.ScanAssembly (189ms)
			BuildScriptInfoCaches (70ms)
			ResolveRequiredComponents (11ms)
	FinalizeReload (814ms)
		ReleaseScriptCaches (0ms)
		RebuildScriptCaches (0ms)
		SetupLoadedEditorAssemblies (634ms)
			LogAssemblyErrors (0ms)
			InitializePlatformSupportModulesInManaged (12ms)
			SetLoadedEditorAssemblies (5ms)
			BeforeProcessingInitializeOnLoad (95ms)
			ProcessInitializeOnLoadAttributes (417ms)
			ProcessInitializeOnLoadMethodAttributes (99ms)
			AfterProcessingInitializeOnLoad (6ms)
			EditorAssembliesLoaded (0ms)
		ExecutionOrderSort2 (0ms)
		AwakeInstancesAfterBackupRestoration (4ms)
Launched and connected shader compiler UnityShaderCompiler.exe after 0.01 seconds
Refreshing native plugins compatible for Editor in 12.87 ms, found 13 plugins.
Preloading 1 native plugins for Editor in 0.09 ms.
Unloading 171 Unused Serialized files (Serialized files now loaded: 0)
Unloading 7489 unused Assets / (6.9 MB). Loaded Objects now: 8171.
Memory consumption went from 207.7 MB to 200.8 MB.
Total: 10.614300 ms (FindLiveObjects: 0.628700 ms CreateObjectMapping: 0.531300 ms MarkObjects: 6.410400 ms  DeleteObjects: 3.042700 ms)

========================================================================
Received Import Request.
  Time since last request: 120640.449344 seconds.
  path: Assets/Prefabs/Crypto Assets/Binance_Card.prefab
  artifactKey: Guid(6d86bca5ba5b84c418f3a1f932edd384) Importer(815301076,1909f56bfc062723c751e8b465ee728b)
Start importing Assets/Prefabs/Crypto Assets/Binance_Card.prefab using Guid(6d86bca5ba5b84c418f3a1f932edd384) Importer(815301076,1909f56bfc062723c751e8b465ee728b) (PreviewImporter) -> (artifact id: '6db6171de19260e18073aabe3665fb01') in 0.149056 seconds
Number of updated asset objects reloaded before import = 0Number of asset objects unloaded after import = 26

========================================================================
Received Import Request.
  Time since last request: 0.000029 seconds.
  path: Assets/Prefabs/Crypto Assets/Trezor_Keep_Metal_open.prefab
  artifactKey: Guid(1240152bc467aa9469c35739815f07b5) Importer(815301076,1909f56bfc062723c751e8b465ee728b)
Start importing Assets/Prefabs/Crypto Assets/Trezor_Keep_Metal_open.prefab using Guid(1240152bc467aa9469c35739815f07b5) Importer(815301076,1909f56bfc062723c751e8b465ee728b) (PreviewImporter) -> (artifact id: 'c34b565b856a9dd3f0d09bb5d80522b9') in 0.2908391 seconds
Number of updated asset objects reloaded before import = 0Number of asset objects unloaded after import = 463

========================================================================
Received Import Request.
  Time since last request: 4.360796 seconds.
  path: Assets/Prefabs/Crypto Assets/bonus.prefab
  artifactKey: Guid(23d14447773cfe247886737be2a7e960) Importer(815301076,1909f56bfc062723c751e8b465ee728b)
Start importing Assets/Prefabs/Crypto Assets/bonus.prefab using Guid(23d14447773cfe247886737be2a7e960) Importer(815301076,1909f56bfc062723c751e8b465ee728b) (PreviewImporter) -> (artifact id: 'f60c2e37c663023f643c492361337a26') in 0.0273807 seconds
Number of updated asset objects reloaded before import = 0Number of asset objects unloaded after import = 26

========================================================================
Received Import Request.
  Time since last request: 160.696424 seconds.
  path: Assets/Prefabs/Crypto Assets/bonus.prefab
  artifactKey: Guid(23d14447773cfe247886737be2a7e960) Importer(815301076,1909f56bfc062723c751e8b465ee728b)
Start importing Assets/Prefabs/Crypto Assets/bonus.prefab using Guid(23d14447773cfe247886737be2a7e960) Importer(815301076,1909f56bfc062723c751e8b465ee728b) (PreviewImporter) -> (artifact id: '17c415f167d029223c3958ec250fa2c3') in 0.011966 seconds
Number of updated asset objects reloaded before import = 0Number of asset objects unloaded after import = 26

========================================================================
Received Import Request.
  Time since last request: 141.392007 seconds.
  path: Assets/Prefabs/Crypto Assets/bonus.prefab
  artifactKey: Guid(23d14447773cfe247886737be2a7e960) Importer(815301076,1909f56bfc062723c751e8b465ee728b)
Start importing Assets/Prefabs/Crypto Assets/bonus.prefab using Guid(23d14447773cfe247886737be2a7e960) Importer(815301076,1909f56bfc062723c751e8b465ee728b) (PreviewImporter) -> (artifact id: '2fcd63e8e4db5c340e830a4a8aa29689') in 0.048898 seconds
Number of updated asset objects reloaded before import = 0Number of asset objects unloaded after import = 28

========================================================================
Received Import Request.
  Time since last request: 5.765668 seconds.
  path: Assets/Prefabs/Crypto Assets/bonus.prefab
  artifactKey: Guid(23d14447773cfe247886737be2a7e960) Importer(815301076,1909f56bfc062723c751e8b465ee728b)
Start importing Assets/Prefabs/Crypto Assets/bonus.prefab using Guid(23d14447773cfe247886737be2a7e960) Importer(815301076,1909f56bfc062723c751e8b465ee728b) (PreviewImporter) -> (artifact id: 'ed5eb424a434eeb7073d869a2ee4e8bf') in 0.0127568 seconds
Number of updated asset objects reloaded before import = 0Number of asset objects unloaded after import = 28

========================================================================
Received Import Request.
  Time since last request: 7.836730 seconds.
  path: Assets/Prefabs/Crypto Assets/bonus.prefab
  artifactKey: Guid(23d14447773cfe247886737be2a7e960) Importer(815301076,1909f56bfc062723c751e8b465ee728b)
Start importing Assets/Prefabs/Crypto Assets/bonus.prefab using Guid(23d14447773cfe247886737be2a7e960) Importer(815301076,1909f56bfc062723c751e8b465ee728b) (PreviewImporter) -> (artifact id: '78076737e00b9978a4e3c20803bd6efb') in 0.0322281 seconds
Number of updated asset objects reloaded before import = 0Number of asset objects unloaded after import = 28

========================================================================
Received Import Request.
  Time since last request: 7.215907 seconds.
  path: Assets/Prefabs/Crypto Assets/bonus.prefab
  artifactKey: Guid(23d14447773cfe247886737be2a7e960) Importer(815301076,1909f56bfc062723c751e8b465ee728b)
Start importing Assets/Prefabs/Crypto Assets/bonus.prefab using Guid(23d14447773cfe247886737be2a7e960) Importer(815301076,1909f56bfc062723c751e8b465ee728b) (PreviewImporter) -> (artifact id: '647766d1d9fd03553715973ef22b88ba') in 0.0115399 seconds
Number of updated asset objects reloaded before import = 0Number of asset objects unloaded after import = 28

========================================================================
Received Import Request.
  Time since last request: 5.622860 seconds.
  path: Assets/Prefabs/Crypto Assets/bonus.prefab
  artifactKey: Guid(23d14447773cfe247886737be2a7e960) Importer(815301076,1909f56bfc062723c751e8b465ee728b)
Start importing Assets/Prefabs/Crypto Assets/bonus.prefab using Guid(23d14447773cfe247886737be2a7e960) Importer(815301076,1909f56bfc062723c751e8b465ee728b) (PreviewImporter) -> (artifact id: '78137096be99b7aecac144377d4c5a1b') in 0.0099637 seconds
Number of updated asset objects reloaded before import = 0Number of asset objects unloaded after import = 28

========================================================================
Received Import Request.
  Time since last request: 4.819365 seconds.
  path: Assets/Prefabs/Crypto Assets/bonus.prefab
  artifactKey: Guid(23d14447773cfe247886737be2a7e960) Importer(815301076,1909f56bfc062723c751e8b465ee728b)
Start importing Assets/Prefabs/Crypto Assets/bonus.prefab using Guid(23d14447773cfe247886737be2a7e960) Importer(815301076,1909f56bfc062723c751e8b465ee728b) (PreviewImporter) -> (artifact id: '8f58b1d5f824e68d0c3ba3bd14a8ee64') in 0.0091176 seconds
Number of updated asset objects reloaded before import = 0Number of asset objects unloaded after import = 28

========================================================================
Received Import Request.
  Time since last request: 3.010881 seconds.
  path: Assets/Prefabs/Crypto Assets/bonus.prefab
  artifactKey: Guid(23d14447773cfe247886737be2a7e960) Importer(815301076,1909f56bfc062723c751e8b465ee728b)
Start importing Assets/Prefabs/Crypto Assets/bonus.prefab using Guid(23d14447773cfe247886737be2a7e960) Importer(815301076,1909f56bfc062723c751e8b465ee728b) (PreviewImporter) -> (artifact id: 'c944d554797b34eab277ab74c88844f8') in 0.0300216 seconds
Number of updated asset objects reloaded before import = 0Number of asset objects unloaded after import = 28

========================================================================
Received Import Request.
  Time since last request: 164.361674 seconds.
  path: Assets/Prefabs/Crypto Assets/bonus.prefab
  artifactKey: Guid(23d14447773cfe247886737be2a7e960) Importer(815301076,1909f56bfc062723c751e8b465ee728b)
Start importing Assets/Prefabs/Crypto Assets/bonus.prefab using Guid(23d14447773cfe247886737be2a7e960) Importer(815301076,1909f56bfc062723c751e8b465ee728b) (PreviewImporter) -> (artifact id: 'a155737ad2124d2499195b52091d073a') in 0.0183716 seconds
Number of updated asset objects reloaded before import = 0Number of asset objects unloaded after import = 28

========================================================================
Received Import Request.
  Time since last request: 2216.527554 seconds.
  path: Assets/Import/Ledger_Nano_S/textures/Stainless_Steel_-_Brushed_Linear_Long_baseColor_0.png
  artifactKey: Guid(aaaf941aeddb0d546821b350bfc83d48) Importer(815301076,1909f56bfc062723c751e8b465ee728b)
Start importing Assets/Import/Ledger_Nano_S/textures/Stainless_Steel_-_Brushed_Linear_Long_baseColor_0.png using Guid(aaaf941aeddb0d546821b350bfc83d48) Importer(815301076,1909f56bfc062723c751e8b465ee728b) (PreviewImporter) -> (artifact id: '128c6371596d4bb4d0979b972cc12a42') in 0.0271061 seconds
Number of updated asset objects reloaded before import = 0Number of asset objects unloaded after import = 2

========================================================================
Received Import Request.
  Time since last request: 23.925003 seconds.
  path: Assets/Import
  artifactKey: Guid(8e46ef0d574ee934ebdfdfbd868ae8ad) Importer(815301076,1909f56bfc062723c751e8b465ee728b)
Start importing Assets/Import using Guid(8e46ef0d574ee934ebdfdfbd868ae8ad) Importer(815301076,1909f56bfc062723c751e8b465ee728b) (PreviewImporter) -> (artifact id: '1eb69bde6715c6f526033db0e593d160') in 0.0006909 seconds
Number of updated asset objects reloaded before import = 0Number of asset objects unloaded after import = 0

========================================================================
Received Import Request.
  Time since last request: 2.461002 seconds.
  path: Assets/Import/Ledger_Nano_S
  artifactKey: Guid(deedd3f6bfc4601488671a8798377f74) Importer(815301076,1909f56bfc062723c751e8b465ee728b)
Start importing Assets/Import/Ledger_Nano_S using Guid(deedd3f6bfc4601488671a8798377f74) Importer(815301076,1909f56bfc062723c751e8b465ee728b) (PreviewImporter) -> (artifact id: 'd463d3b76e3cc52a5fb5e3e82d56bbc6') in 0.0004387 seconds
Number of updated asset objects reloaded before import = 0Number of asset objects unloaded after import = 0

========================================================================
Received Import Request.
  Time since last request: 0.062340 seconds.
  path: Assets/Import/Ledger_Nano_S/Ledger_Nano_S.prefab
  artifactKey: Guid(3502a229c500bcc4e899cd13cb44615f) Importer(815301076,1909f56bfc062723c751e8b465ee728b)
Start importing Assets/Import/Ledger_Nano_S/Ledger_Nano_S.prefab using Guid(3502a229c500bcc4e899cd13cb44615f) Importer(815301076,1909f56bfc062723c751e8b465ee728b) (PreviewImporter) -> (artifact id: '9f6317f13592b408160de25da0c3bbaf') in 0.0198426 seconds
Number of updated asset objects reloaded before import = 0Number of asset objects unloaded after import = 33

========================================================================
Received Import Request.
  Time since last request: 1.251284 seconds.
  path: Assets/Import/Ledger_Nano_S/textures
  artifactKey: Guid(1f3a58cdc40337a4b8de24e12394eadd) Importer(815301076,1909f56bfc062723c751e8b465ee728b)
Start importing Assets/Import/Ledger_Nano_S/textures using Guid(1f3a58cdc40337a4b8de24e12394eadd) Importer(815301076,1909f56bfc062723c751e8b465ee728b) (PreviewImporter) -> (artifact id: '0f3bc7cfff884867fc6e4880cb52e533') in 0.0005255 seconds
Number of updated asset objects reloaded before import = 0Number of asset objects unloaded after import = 0

========================================================================
Received Import Request.
  Time since last request: 35.970055 seconds.
  path: Assets/Import/Ledger_Nano_S/textures/Stainless_Steel_-_Brushed_Linear_Long_baseColor_0.png
  artifactKey: Guid(aaaf941aeddb0d546821b350bfc83d48) Importer(815301076,1909f56bfc062723c751e8b465ee728b)
Start importing Assets/Import/Ledger_Nano_S/textures/Stainless_Steel_-_Brushed_Linear_Long_baseColor_0.png using Guid(aaaf941aeddb0d546821b350bfc83d48) Importer(815301076,1909f56bfc062723c751e8b465ee728b) (PreviewImporter) -> (artifact id: '3dfe1568ad7d372bc3c763ec17cb7aab') in 0.0817467 seconds
Number of updated asset objects reloaded before import = 0Number of asset objects unloaded after import = 2

========================================================================
Received Import Request.
  Time since last request: 3.606298 seconds.
  path: Assets/Import/Ledger_Nano_S/textures/Stainless_Steel_-_Brushed_Linear_Long_baseColor_0.png
  artifactKey: Guid(aaaf941aeddb0d546821b350bfc83d48) Importer(815301076,1909f56bfc062723c751e8b465ee728b)
Start importing Assets/Import/Ledger_Nano_S/textures/Stainless_Steel_-_Brushed_Linear_Long_baseColor_0.png using Guid(aaaf941aeddb0d546821b350bfc83d48) Importer(815301076,1909f56bfc062723c751e8b465ee728b) (PreviewImporter) -> (artifact id: '7d73e91d9a1af8b0afcec807033f8f3e') in 0.0180173 seconds
Number of updated asset objects reloaded before import = 0Number of asset objects unloaded after import = 2

========================================================================
Received Import Request.
  Time since last request: 12.324462 seconds.
  path: Assets/Import/Ledger_Nano_S/textures/Stainless_Steel_-_Brushed_Linear_Long_baseColor_0.png
  artifactKey: Guid(aaaf941aeddb0d546821b350bfc83d48) Importer(815301076,1909f56bfc062723c751e8b465ee728b)
Start importing Assets/Import/Ledger_Nano_S/textures/Stainless_Steel_-_Brushed_Linear_Long_baseColor_0.png using Guid(aaaf941aeddb0d546821b350bfc83d48) Importer(815301076,1909f56bfc062723c751e8b465ee728b) (PreviewImporter) -> (artifact id: 'd27f3d9d7e44da0892e6e369564e95e9') in 0.0207418 seconds
Number of updated asset objects reloaded before import = 0Number of asset objects unloaded after import = 2

========================================================================
Received Import Request.
  Time since last request: 18640.344894 seconds.
  path: Assets/Videos
  artifactKey: Guid(46b9747d98288d448bb41a9462a8be27) Importer(815301076,1909f56bfc062723c751e8b465ee728b)
Start importing Assets/Videos using Guid(46b9747d98288d448bb41a9462a8be27) Importer(815301076,1909f56bfc062723c751e8b465ee728b) (PreviewImporter) -> (artifact id: 'ee6b27579a8f1dda32a9ae03113f16c7') in 0.0013805 seconds
Number of updated asset objects reloaded before import = 0Number of asset objects unloaded after import = 0

========================================================================
Received Import Request.
  Time since last request: 0.060224 seconds.
  path: Assets/Videos/Button Press Tutorial.mp4
  artifactKey: Guid(c793549d682f037448eda4206c33d677) Importer(815301076,1909f56bfc062723c751e8b465ee728b)
Start importing Assets/Videos/Button Press Tutorial.mp4 using Guid(c793549d682f037448eda4206c33d677) Importer(815301076,1909f56bfc062723c751e8b465ee728b) (PreviewImporter) -> (artifact id: '0b3d35cc231be88f67b77e20877221ed') in 0.0062845 seconds
Number of updated asset objects reloaded before import = 0Number of asset objects unloaded after import = 1

========================================================================
Received Import Request.
  Time since last request: 0.026838 seconds.
  path: Assets/Videos/Teleportation and Turn tutorial 2.0.mp4
  artifactKey: Guid(1da6f1fc17bc1364496addca08f26f4a) Importer(815301076,1909f56bfc062723c751e8b465ee728b)
Start importing Assets/Videos/Teleportation and Turn tutorial 2.0.mp4 using Guid(1da6f1fc17bc1364496addca08f26f4a) Importer(815301076,1909f56bfc062723c751e8b465ee728b) (PreviewImporter) -> (artifact id: '9e1aa87fb4077cdc73b38ae4e2a6f3f0') in 0.0073353 seconds
Number of updated asset objects reloaded before import = 0Number of asset objects unloaded after import = 1

========================================================================
Received Import Request.
  Time since last request: 0.004502 seconds.
  path: Assets/Videos/walking_tutorial_new_uncut.mp4
  artifactKey: Guid(821b1caef51c7e347a16b81303b32901) Importer(815301076,1909f56bfc062723c751e8b465ee728b)
Start importing Assets/Videos/walking_tutorial_new_uncut.mp4 using Guid(821b1caef51c7e347a16b81303b32901) Importer(815301076,1909f56bfc062723c751e8b465ee728b) (PreviewImporter) -> (artifact id: '17ce399a86288ac769790a34338609c4') in 0.0079473 seconds
Number of updated asset objects reloaded before import = 0Number of asset objects unloaded after import = 1

========================================================================
Received Import Request.
  Time since last request: 0.000286 seconds.
  path: Assets/Videos/unlock_door_key_uncut.mp4
  artifactKey: Guid(753014ebb13930f469623ad7ab5fa2c0) Importer(815301076,1909f56bfc062723c751e8b465ee728b)
Start importing Assets/Videos/unlock_door_key_uncut.mp4 using Guid(753014ebb13930f469623ad7ab5fa2c0) Importer(815301076,1909f56bfc062723c751e8b465ee728b) (PreviewImporter) -> (artifact id: '3ab8aa67035c808e51df75f77bec0589') in 0.0013334 seconds
Number of updated asset objects reloaded before import = 0Number of asset objects unloaded after import = 1

========================================================================
Received Import Request.
  Time since last request: 0.000037 seconds.
  path: Assets/Videos/crouching_tutorial_with_button_names_uncut.mp4
  artifactKey: Guid(cc344f6096eaf0449afbe6db023c6a49) Importer(815301076,1909f56bfc062723c751e8b465ee728b)
Start importing Assets/Videos/crouching_tutorial_with_button_names_uncut.mp4 using Guid(cc344f6096eaf0449afbe6db023c6a49) Importer(815301076,1909f56bfc062723c751e8b465ee728b) (PreviewImporter) -> (artifact id: '5b295699ac30a16770b6568353db6eb5') in 0.0065639 seconds
Number of updated asset objects reloaded before import = 0Number of asset objects unloaded after import = 1

Editor requested this worker to shutdown with reason: Scaling down because of idle timeout
AssetImportWorkerClient::OnTransportError - code=2 error=End of file
AssetImportWorker is now disconnected from the server
Process exiting
Exiting without the bug reporter. Application will terminate with return code 0